2025-06-20 19:16:04,437 - INFO - Undo Script Logging initialized. Output will be saved to 'logs_undo\undo_run_20250620_191604.log'
2025-06-20 19:16:04,438 - INFO - Initializing API clients for Confluence and Jira...
2025-06-20 19:16:04,438 - INFO - 
--- Starting Undo Automation Script ---
2025-06-20 19:16:04,438 - INFO - Searching for latest results file in 'output'...
2025-06-20 19:16:04,438 - INFO - Found latest results file: 'output\automation_results_20250620_190621.xlsx' (Timestamp: 2025-06-20 19:06:21)
2025-06-20 19:16:04,891 - INFO - 
--- Phase 1: Transitioning Jira Tasks to 'Backlog' ---
2025-06-20 19:16:04,910 - INFO -   Attempting to transition Jira task 'SFSEA-921' to 'Backlog' via direct request...
2025-06-20 19:16:07,329 - INFO -     -> Successfully transitioned Jira issue 'SFSEA-921' to 'Backlog' (Transition ID: 11).
2025-06-20 19:16:07,330 - INFO -   Attempting to transition Jira task 'SFSEA-922' to 'Backlog' via direct request...
2025-06-20 19:16:09,463 - INFO -     -> Successfully transitioned Jira issue 'SFSEA-922' to 'Backlog' (Transition ID: 11).
2025-06-20 19:16:09,469 - INFO -   Attempting to transition Jira task 'SFSEA-923' to 'Backlog' via direct request...
2025-06-20 19:16:11,729 - INFO -     -> Successfully transitioned Jira issue 'SFSEA-923' to 'Backlog' (Transition ID: 11).
2025-06-20 19:16:11,738 - INFO -   Attempting to transition Jira task 'SFSEA-924' to 'Backlog' via direct request...
2025-06-20 19:16:13,979 - INFO -     -> Successfully transitioned Jira issue 'SFSEA-924' to 'Backlog' (Transition ID: 11).
2025-06-20 19:16:13,986 - INFO -   Attempting to transition Jira task 'SFSEA-925' to 'Backlog' via direct request...
2025-06-20 19:16:16,238 - INFO -     -> Successfully transitioned Jira issue 'SFSEA-925' to 'Backlog' (Transition ID: 11).
2025-06-20 19:16:16,244 - INFO -   Attempting to transition Jira task 'SFSEA-926' to 'Backlog' via direct request...
2025-06-20 19:16:18,390 - INFO -     -> Successfully transitioned Jira issue 'SFSEA-926' to 'Backlog' (Transition ID: 11).
2025-06-20 19:16:18,395 - INFO -   Attempting to transition Jira task 'SFSEA-927' to 'Backlog' via direct request...
2025-06-20 19:16:20,638 - INFO -     -> Successfully transitioned Jira issue 'SFSEA-927' to 'Backlog' (Transition ID: 11).
2025-06-20 19:16:20,643 - INFO -   Attempting to transition Jira task 'SFSEA-928' to 'Backlog' via direct request...
2025-06-20 19:16:22,861 - INFO -     -> Successfully transitioned Jira issue 'SFSEA-928' to 'Backlog' (Transition ID: 11).
2025-06-20 19:16:22,865 - INFO -   Attempting to transition Jira task 'SFSEA-929' to 'Backlog' via direct request...
2025-06-20 19:16:25,144 - INFO -     -> Successfully transitioned Jira issue 'SFSEA-929' to 'Backlog' (Transition ID: 11).
2025-06-20 19:16:25,144 - INFO -   Attempting to transition Jira task 'SFSEA-930' to 'Backlog' via direct request...
2025-06-20 19:16:27,303 - INFO -     -> Successfully transitioned Jira issue 'SFSEA-930' to 'Backlog' (Transition ID: 11).
2025-06-20 19:16:27,306 - INFO -   Attempting to transition Jira task 'SFSEA-931' to 'Backlog' via direct request...
2025-06-20 19:16:29,545 - INFO -     -> Successfully transitioned Jira issue 'SFSEA-931' to 'Backlog' (Transition ID: 11).
2025-06-20 19:16:29,554 - INFO -   Attempting to transition Jira task 'SFSEA-932' to 'Backlog' via direct request...
2025-06-20 19:16:31,772 - INFO -     -> Successfully transitioned Jira issue 'SFSEA-932' to 'Backlog' (Transition ID: 11).
2025-06-20 19:16:31,785 - INFO -   Attempting to transition Jira task 'SFSEA-933' to 'Backlog' via direct request...
2025-06-20 19:16:34,016 - INFO -     -> Successfully transitioned Jira issue 'SFSEA-933' to 'Backlog' (Transition ID: 11).
2025-06-20 19:16:34,024 - INFO -   Attempting to transition Jira task 'SFSEA-934' to 'Backlog' via direct request...
2025-06-20 19:16:36,304 - INFO -     -> Successfully transitioned Jira issue 'SFSEA-934' to 'Backlog' (Transition ID: 11).
2025-06-20 19:16:36,304 - INFO -   Attempting to transition Jira task 'SFSEA-935' to 'Backlog' via direct request...
2025-06-20 19:16:38,450 - INFO -     -> Successfully transitioned Jira issue 'SFSEA-935' to 'Backlog' (Transition ID: 11).
2025-06-20 19:16:38,461 - INFO -   Attempting to transition Jira task 'SFSEA-936' to 'Backlog' via direct request...
2025-06-20 19:16:40,600 - INFO -     -> Successfully transitioned Jira issue 'SFSEA-936' to 'Backlog' (Transition ID: 11).
2025-06-20 19:16:40,611 - INFO -   Attempting to transition Jira task 'SFSEA-937' to 'Backlog' via direct request...
2025-06-20 19:16:43,056 - INFO -     -> Successfully transitioned Jira issue 'SFSEA-937' to 'Backlog' (Transition ID: 11).
2025-06-20 19:16:43,145 - INFO -   Attempting to transition Jira task 'SFSEA-938' to 'Backlog' via direct request...
2025-06-20 19:16:45,519 - INFO -     -> Successfully transitioned Jira issue 'SFSEA-938' to 'Backlog' (Transition ID: 11).
2025-06-20 19:16:45,524 - INFO - 
--- Phase 2: Rolling back Confluence Pages to Previous Versions ---
2025-06-20 19:16:45,524 - WARNING - NOTE: This operation reverts the page to a previous version. Any legitimate changes made to the page by other users *after* the automation script ran will also be undone by this rollback.
2025-06-20 19:16:45,524 - INFO -   Attempting to roll back Confluence page '435271126' to version 1...
2025-06-20 19:16:48,385 - INFO -     -> Successfully rolled back Confluence page '435271126' to version 1.
2025-06-20 19:16:48,385 - INFO -   Attempting to roll back Confluence page '435271127' to version 1...
2025-06-20 19:16:50,286 - INFO -     -> Successfully rolled back Confluence page '435271127' to version 1.
2025-06-20 19:16:50,286 - INFO -   Attempting to roll back Confluence page '435271128' to version 1...
2025-06-20 19:16:52,024 - INFO -     -> Successfully rolled back Confluence page '435271128' to version 1.
2025-06-20 19:16:52,024 - INFO -   Attempting to roll back Confluence page '435271129' to version 1...
2025-06-20 19:16:53,933 - INFO -     -> Successfully rolled back Confluence page '435271129' to version 1.
2025-06-20 19:16:53,933 - INFO -   Attempting to roll back Confluence page '435271130' to version 1...
2025-06-20 19:16:55,806 - INFO -     -> Successfully rolled back Confluence page '435271130' to version 1.
2025-06-20 19:16:55,831 - INFO -   Attempting to roll back Confluence page '435271132' to version 1...
2025-06-20 19:16:57,758 - INFO -     -> Successfully rolled back Confluence page '435271132' to version 1.
2025-06-20 19:16:57,758 - INFO - 
--- Undo Automation Script Finished ---
2025-06-20 19:16:57,762 - INFO - Review the log file and Confluence/Jira to confirm changes.
