2025-06-20 19:10:52,887 - INFO - Undo Script Logging initialized. Output will be saved to 'logs_undo\undo_run_20250620_191052.log'
2025-06-20 19:10:52,887 - INFO - Initializing API clients for Confluence and Jira...
2025-06-20 19:10:52,887 - INFO - 
--- Starting Undo Automation Script ---
2025-06-20 19:10:52,887 - INFO - Searching for latest results file in 'output'...
2025-06-20 19:10:52,887 - INFO - Found latest results file: 'output\automation_results_20250620_190621.xlsx' (Timestamp: 2025-06-20 19:06:21)
2025-06-20 19:10:53,362 - INFO - 
--- Phase 1: Transitioning Jira Tasks to 'Backlog' ---
2025-06-20 19:10:53,436 - INFO -   Attempting to transition Jira task 'SFSEA-921' to 'Backlog' via direct request...
2025-06-20 19:10:55,036 - INFO -     -> Jira task 'SFSEA-921' is already in 'Backlog'. Skipping transition.
2025-06-20 19:10:55,036 - INFO -   Attempting to transition Jira task 'SFSEA-922' to 'Backlog' via direct request...
2025-06-20 19:10:55,334 - INFO -     -> Jira task 'SFSEA-922' is already in 'Backlog'. Skipping transition.
2025-06-20 19:10:55,334 - INFO -   Attempting to transition Jira task 'SFSEA-923' to 'Backlog' via direct request...
2025-06-20 19:10:55,645 - INFO -     -> Jira task 'SFSEA-923' is already in 'Backlog'. Skipping transition.
2025-06-20 19:10:55,647 - INFO -   Attempting to transition Jira task 'SFSEA-924' to 'Backlog' via direct request...
2025-06-20 19:10:55,948 - INFO -     -> Jira task 'SFSEA-924' is already in 'Backlog'. Skipping transition.
2025-06-20 19:10:55,948 - INFO -   Attempting to transition Jira task 'SFSEA-925' to 'Backlog' via direct request...
2025-06-20 19:10:56,250 - INFO -     -> Jira task 'SFSEA-925' is already in 'Backlog'. Skipping transition.
2025-06-20 19:10:56,258 - INFO -   Attempting to transition Jira task 'SFSEA-926' to 'Backlog' via direct request...
2025-06-20 19:10:56,534 - INFO -     -> Jira task 'SFSEA-926' is already in 'Backlog'. Skipping transition.
2025-06-20 19:10:56,534 - INFO -   Attempting to transition Jira task 'SFSEA-927' to 'Backlog' via direct request...
2025-06-20 19:10:56,872 - INFO -     -> Jira task 'SFSEA-927' is already in 'Backlog'. Skipping transition.
2025-06-20 19:10:56,872 - INFO -   Attempting to transition Jira task 'SFSEA-928' to 'Backlog' via direct request...
2025-06-20 19:10:57,178 - INFO -     -> Jira task 'SFSEA-928' is already in 'Backlog'. Skipping transition.
2025-06-20 19:10:57,178 - INFO -   Attempting to transition Jira task 'SFSEA-929' to 'Backlog' via direct request...
2025-06-20 19:10:57,479 - INFO -     -> Jira task 'SFSEA-929' is already in 'Backlog'. Skipping transition.
2025-06-20 19:10:57,487 - INFO -   Attempting to transition Jira task 'SFSEA-930' to 'Backlog' via direct request...
2025-06-20 19:10:57,795 - INFO -     -> Jira task 'SFSEA-930' is already in 'Backlog'. Skipping transition.
2025-06-20 19:10:57,795 - INFO -   Attempting to transition Jira task 'SFSEA-931' to 'Backlog' via direct request...
2025-06-20 19:10:58,071 - INFO -     -> Jira task 'SFSEA-931' is already in 'Backlog'. Skipping transition.
2025-06-20 19:10:58,071 - INFO -   Attempting to transition Jira task 'SFSEA-932' to 'Backlog' via direct request...
2025-06-20 19:10:58,353 - INFO -     -> Jira task 'SFSEA-932' is already in 'Backlog'. Skipping transition.
2025-06-20 19:10:58,353 - INFO -   Attempting to transition Jira task 'SFSEA-933' to 'Backlog' via direct request...
2025-06-20 19:10:58,718 - INFO -     -> Jira task 'SFSEA-933' is already in 'Backlog'. Skipping transition.
2025-06-20 19:10:58,719 - INFO -   Attempting to transition Jira task 'SFSEA-934' to 'Backlog' via direct request...
2025-06-20 19:10:59,021 - INFO -     -> Jira task 'SFSEA-934' is already in 'Backlog'. Skipping transition.
2025-06-20 19:10:59,021 - INFO -   Attempting to transition Jira task 'SFSEA-935' to 'Backlog' via direct request...
2025-06-20 19:10:59,327 - INFO -     -> Jira task 'SFSEA-935' is already in 'Backlog'. Skipping transition.
2025-06-20 19:10:59,327 - INFO -   Attempting to transition Jira task 'SFSEA-936' to 'Backlog' via direct request...
2025-06-20 19:10:59,611 - INFO -     -> Jira task 'SFSEA-936' is already in 'Backlog'. Skipping transition.
2025-06-20 19:10:59,611 - INFO -   Attempting to transition Jira task 'SFSEA-937' to 'Backlog' via direct request...
2025-06-20 19:10:59,937 - INFO -     -> Jira task 'SFSEA-937' is already in 'Backlog'. Skipping transition.
2025-06-20 19:10:59,945 - INFO -   Attempting to transition Jira task 'SFSEA-938' to 'Backlog' via direct request...
2025-06-20 19:11:00,246 - INFO -     -> Jira task 'SFSEA-938' is already in 'Backlog'. Skipping transition.
2025-06-20 19:11:00,253 - INFO - 
--- Phase 2: Rolling back Confluence Pages to Previous Versions ---
2025-06-20 19:11:00,253 - WARNING - NOTE: This operation reverts the page to a previous version. Any legitimate changes made to the page by other users *after* the automation script ran will also be undone by this rollback.
2025-06-20 19:11:00,253 - INFO -   Attempting to roll back Confluence page '435271126' to version 1...
2025-06-20 19:11:01,683 - ERROR -     -> ERROR: Unexpected error rolling back Confluence page '435271126'. Details: TypeError("Confluence.update_page() got an unexpected keyword argument 'version_message'")
2025-06-20 19:11:01,683 - INFO -   Attempting to roll back Confluence page '435271127' to version 1...
2025-06-20 19:11:02,299 - ERROR -     -> ERROR: Unexpected error rolling back Confluence page '435271127'. Details: TypeError("Confluence.update_page() got an unexpected keyword argument 'version_message'")
2025-06-20 19:11:02,301 - INFO -   Attempting to roll back Confluence page '435271128' to version 1...
2025-06-20 19:11:02,973 - ERROR -     -> ERROR: Unexpected error rolling back Confluence page '435271128'. Details: TypeError("Confluence.update_page() got an unexpected keyword argument 'version_message'")
2025-06-20 19:11:02,976 - INFO -   Attempting to roll back Confluence page '435271129' to version 1...
2025-06-20 19:11:03,611 - ERROR -     -> ERROR: Unexpected error rolling back Confluence page '435271129'. Details: TypeError("Confluence.update_page() got an unexpected keyword argument 'version_message'")
2025-06-20 19:11:03,611 - INFO -   Attempting to roll back Confluence page '435271130' to version 1...
2025-06-20 19:11:04,128 - ERROR -     -> ERROR: Unexpected error rolling back Confluence page '435271130'. Details: TypeError("Confluence.update_page() got an unexpected keyword argument 'version_message'")
2025-06-20 19:11:04,128 - INFO -   Attempting to roll back Confluence page '435271132' to version 1...
2025-06-20 19:11:04,752 - ERROR -     -> ERROR: Unexpected error rolling back Confluence page '435271132'. Details: TypeError("Confluence.update_page() got an unexpected keyword argument 'version_message'")
2025-06-20 19:11:04,752 - INFO - 
--- Undo Automation Script Finished ---
2025-06-20 19:11:04,752 - INFO - Review the log file and Confluence/Jira to confirm changes.
