2025-06-20 18:46:41,898 - INFO - Undo Script Logging initialized. Output will be saved to 'logs_undo\undo_run_20250620_184641.log'
2025-06-20 18:46:41,898 - INFO - Initializing API clients for Confluence and Jira...
2025-06-20 18:46:41,898 - INFO - 
--- Starting Undo Automation Script ---
2025-06-20 18:46:41,898 - INFO - Searching for latest results file in 'output'...
2025-06-20 18:46:41,898 - INFO - Found latest results file: 'output\automation_results_20250620_184423.xlsx' (Timestamp: 2025-06-20 18:44:23)
2025-06-20 18:46:42,332 - INFO - 
--- Phase 1: Transitioning Jira Tasks to 'Backlog' ---
2025-06-20 18:46:42,332 - INFO -   Attempting to transition Jira task 'SFSEA-903' to 'Backlog' via direct request...
2025-06-20 18:46:43,248 - ERROR -     -> ERROR: Unexpected error during direct transition for 'SFSEA-903'. Details: AttributeError("'Jira' object has no attribute 'get_all_transitions'")
2025-06-20 18:46:43,248 - INFO -   Attempting to transition Jira task 'SFSEA-904' to 'Backlog' via direct request...
2025-06-20 18:46:43,558 - ERROR -     -> ERROR: Unexpected error during direct transition for 'SFSEA-904'. Details: AttributeError("'Jira' object has no attribute 'get_all_transitions'")
2025-06-20 18:46:43,559 - INFO -   Attempting to transition Jira task 'SFSEA-905' to 'Backlog' via direct request...
2025-06-20 18:46:43,863 - ERROR -     -> ERROR: Unexpected error during direct transition for 'SFSEA-905'. Details: AttributeError("'Jira' object has no attribute 'get_all_transitions'")
2025-06-20 18:46:43,863 - INFO -   Attempting to transition Jira task 'SFSEA-906' to 'Backlog' via direct request...
2025-06-20 18:46:44,152 - ERROR -     -> ERROR: Unexpected error during direct transition for 'SFSEA-906'. Details: AttributeError("'Jira' object has no attribute 'get_all_transitions'")
2025-06-20 18:46:44,152 - INFO -   Attempting to transition Jira task 'SFSEA-907' to 'Backlog' via direct request...
2025-06-20 18:46:44,442 - ERROR -     -> ERROR: Unexpected error during direct transition for 'SFSEA-907'. Details: AttributeError("'Jira' object has no attribute 'get_all_transitions'")
2025-06-20 18:46:44,447 - INFO -   Attempting to transition Jira task 'SFSEA-908' to 'Backlog' via direct request...
2025-06-20 18:46:44,782 - ERROR -     -> ERROR: Unexpected error during direct transition for 'SFSEA-908'. Details: AttributeError("'Jira' object has no attribute 'get_all_transitions'")
2025-06-20 18:46:44,782 - INFO -   Attempting to transition Jira task 'SFSEA-909' to 'Backlog' via direct request...
2025-06-20 18:46:45,072 - ERROR -     -> ERROR: Unexpected error during direct transition for 'SFSEA-909'. Details: AttributeError("'Jira' object has no attribute 'get_all_transitions'")
2025-06-20 18:46:45,073 - INFO -   Attempting to transition Jira task 'SFSEA-910' to 'Backlog' via direct request...
2025-06-20 18:46:45,357 - ERROR -     -> ERROR: Unexpected error during direct transition for 'SFSEA-910'. Details: AttributeError("'Jira' object has no attribute 'get_all_transitions'")
2025-06-20 18:46:45,357 - INFO -   Attempting to transition Jira task 'SFSEA-911' to 'Backlog' via direct request...
2025-06-20 18:46:45,648 - ERROR -     -> ERROR: Unexpected error during direct transition for 'SFSEA-911'. Details: AttributeError("'Jira' object has no attribute 'get_all_transitions'")
2025-06-20 18:46:45,649 - INFO -   Attempting to transition Jira task 'SFSEA-912' to 'Backlog' via direct request...
2025-06-20 18:46:46,008 - ERROR -     -> ERROR: Unexpected error during direct transition for 'SFSEA-912'. Details: AttributeError("'Jira' object has no attribute 'get_all_transitions'")
2025-06-20 18:46:46,016 - INFO -   Attempting to transition Jira task 'SFSEA-913' to 'Backlog' via direct request...
2025-06-20 18:46:46,318 - ERROR -     -> ERROR: Unexpected error during direct transition for 'SFSEA-913'. Details: AttributeError("'Jira' object has no attribute 'get_all_transitions'")
2025-06-20 18:46:46,318 - INFO -   Attempting to transition Jira task 'SFSEA-914' to 'Backlog' via direct request...
2025-06-20 18:46:46,631 - ERROR -     -> ERROR: Unexpected error during direct transition for 'SFSEA-914'. Details: AttributeError("'Jira' object has no attribute 'get_all_transitions'")
2025-06-20 18:46:46,631 - INFO -   Attempting to transition Jira task 'SFSEA-915' to 'Backlog' via direct request...
2025-06-20 18:46:46,936 - ERROR -     -> ERROR: Unexpected error during direct transition for 'SFSEA-915'. Details: AttributeError("'Jira' object has no attribute 'get_all_transitions'")
2025-06-20 18:46:46,937 - INFO -   Attempting to transition Jira task 'SFSEA-916' to 'Backlog' via direct request...
2025-06-20 18:46:47,263 - ERROR -     -> ERROR: Unexpected error during direct transition for 'SFSEA-916'. Details: AttributeError("'Jira' object has no attribute 'get_all_transitions'")
2025-06-20 18:46:47,264 - INFO -   Attempting to transition Jira task 'SFSEA-917' to 'Backlog' via direct request...
2025-06-20 18:46:47,550 - ERROR -     -> ERROR: Unexpected error during direct transition for 'SFSEA-917'. Details: AttributeError("'Jira' object has no attribute 'get_all_transitions'")
2025-06-20 18:46:47,550 - INFO -   Attempting to transition Jira task 'SFSEA-918' to 'Backlog' via direct request...
2025-06-20 18:46:47,833 - ERROR -     -> ERROR: Unexpected error during direct transition for 'SFSEA-918'. Details: AttributeError("'Jira' object has no attribute 'get_all_transitions'")
2025-06-20 18:46:47,833 - INFO -   Attempting to transition Jira task 'SFSEA-919' to 'Backlog' via direct request...
2025-06-20 18:46:48,166 - ERROR -     -> ERROR: Unexpected error during direct transition for 'SFSEA-919'. Details: AttributeError("'Jira' object has no attribute 'get_all_transitions'")
2025-06-20 18:46:48,167 - INFO -   Attempting to transition Jira task 'SFSEA-920' to 'Backlog' via direct request...
2025-06-20 18:46:48,457 - ERROR -     -> ERROR: Unexpected error during direct transition for 'SFSEA-920'. Details: AttributeError("'Jira' object has no attribute 'get_all_transitions'")
2025-06-20 18:46:48,457 - INFO - 
--- Phase 2: Rolling back Confluence Pages to Previous Versions ---
2025-06-20 18:46:48,457 - WARNING - NOTE: This operation reverts the page to a previous version. Any legitimate changes made to the page by other users *after* the automation script ran will also be undone by this rollback.
2025-06-20 18:46:48,457 - INFO -   Attempting to roll back Confluence page '435271126' to version 1...
2025-06-20 18:46:49,762 - ERROR -     -> ERROR: Unexpected error rolling back Confluence page '435271126'. Details: TypeError("Confluence.update_page() got an unexpected keyword argument 'version_message'")
2025-06-20 18:46:49,764 - INFO -   Attempting to roll back Confluence page '435271127' to version 1...
2025-06-20 18:46:50,416 - ERROR -     -> ERROR: Unexpected error rolling back Confluence page '435271127'. Details: TypeError("Confluence.update_page() got an unexpected keyword argument 'version_message'")
2025-06-20 18:46:50,416 - INFO -   Attempting to roll back Confluence page '435271128' to version 1...
2025-06-20 18:46:51,030 - ERROR -     -> ERROR: Unexpected error rolling back Confluence page '435271128'. Details: TypeError("Confluence.update_page() got an unexpected keyword argument 'version_message'")
2025-06-20 18:46:51,034 - INFO -   Attempting to roll back Confluence page '435271129' to version 1...
2025-06-20 18:46:51,640 - ERROR -     -> ERROR: Unexpected error rolling back Confluence page '435271129'. Details: TypeError("Confluence.update_page() got an unexpected keyword argument 'version_message'")
2025-06-20 18:46:51,648 - INFO -   Attempting to roll back Confluence page '435271130' to version 1...
2025-06-20 18:46:52,259 - ERROR -     -> ERROR: Unexpected error rolling back Confluence page '435271130'. Details: TypeError("Confluence.update_page() got an unexpected keyword argument 'version_message'")
2025-06-20 18:46:52,259 - INFO -   Attempting to roll back Confluence page '435271132' to version 1...
2025-06-20 18:46:52,874 - ERROR -     -> ERROR: Unexpected error rolling back Confluence page '435271132'. Details: TypeError("Confluence.update_page() got an unexpected keyword argument 'version_message'")
2025-06-20 18:46:52,874 - INFO - 
--- Undo Automation Script Finished ---
2025-06-20 18:46:52,874 - INFO - Review the log file and Confluence/Jira to confirm changes.
