2025-06-23 22:01:25,572 - INFO - Undo Script Logging initialized. Output will be saved to 'logs_undo\undo_run_20250623_220125.log'
2025-06-23 22:01:25,572 - INFO - Initializing API clients for Confluence and Jira...
2025-06-23 22:01:25,572 - INFO - 
--- Starting Undo Automation Script ---
2025-06-23 22:01:25,572 - INFO - Searching for latest results file in 'output'...
2025-06-23 22:01:25,579 - INFO - Found latest results file: 'output\automation_results_20250623_215931.xlsx' (Timestamp: 2025-06-23 21:59:31)
2025-06-23 22:01:25,773 - INFO - 
--- Phase 1: Transitioning Jira Tasks to 'Backlog' ---
2025-06-23 22:01:25,773 - INFO -   Attempting to transition Jira task 'SFSEA-949' to 'Backlog' via direct request...
2025-06-23 22:01:27,357 - INFO -     -> Successfully transitioned Jira issue 'SFSEA-949' to 'Backlog' (Transition ID: 11).
2025-06-23 22:01:27,359 - INFO -   Attempting to transition Jira task 'SFSEA-950' to 'Backlog' via direct request...
2025-06-23 22:01:28,850 - INFO -     -> Successfully transitioned Jira issue 'SFSEA-950' to 'Backlog' (Transition ID: 11).
2025-06-23 22:01:28,851 - INFO -   Attempting to transition Jira task 'SFSEA-951' to 'Backlog' via direct request...
2025-06-23 22:01:30,344 - INFO -     -> Successfully transitioned Jira issue 'SFSEA-951' to 'Backlog' (Transition ID: 11).
2025-06-23 22:01:30,345 - INFO -   Attempting to transition Jira task 'SFSEA-952' to 'Backlog' via direct request...
2025-06-23 22:01:31,805 - INFO -     -> Successfully transitioned Jira issue 'SFSEA-952' to 'Backlog' (Transition ID: 11).
2025-06-23 22:01:31,805 - INFO -   Attempting to transition Jira task 'SFSEA-953' to 'Backlog' via direct request...
2025-06-23 22:01:33,321 - INFO -     -> Successfully transitioned Jira issue 'SFSEA-953' to 'Backlog' (Transition ID: 11).
2025-06-23 22:01:33,321 - INFO -   Attempting to transition Jira task 'SFSEA-954' to 'Backlog' via direct request...
2025-06-23 22:01:34,805 - INFO -     -> Successfully transitioned Jira issue 'SFSEA-954' to 'Backlog' (Transition ID: 11).
2025-06-23 22:01:34,824 - INFO -   Attempting to transition Jira task 'SFSEA-955' to 'Backlog' via direct request...
2025-06-23 22:01:36,307 - INFO -     -> Successfully transitioned Jira issue 'SFSEA-955' to 'Backlog' (Transition ID: 11).
2025-06-23 22:01:36,307 - INFO -   Attempting to transition Jira task 'SFSEA-956' to 'Backlog' via direct request...
2025-06-23 22:01:37,791 - INFO -     -> Successfully transitioned Jira issue 'SFSEA-956' to 'Backlog' (Transition ID: 11).
2025-06-23 22:01:37,804 - INFO -   Attempting to transition Jira task 'SFSEA-957' to 'Backlog' via direct request...
2025-06-23 22:01:39,274 - INFO -     -> Successfully transitioned Jira issue 'SFSEA-957' to 'Backlog' (Transition ID: 11).
2025-06-23 22:01:39,276 - INFO -   Attempting to transition Jira task 'SFSEA-958' to 'Backlog' via direct request...
2025-06-23 22:01:41,773 - INFO -     -> Successfully transitioned Jira issue 'SFSEA-958' to 'Backlog' (Transition ID: 11).
2025-06-23 22:01:41,778 - INFO -   Attempting to transition Jira task 'SFSEA-959' to 'Backlog' via direct request...
2025-06-23 22:01:43,240 - INFO -     -> Successfully transitioned Jira issue 'SFSEA-959' to 'Backlog' (Transition ID: 11).
2025-06-23 22:01:43,240 - INFO -   Attempting to transition Jira task 'SFSEA-960' to 'Backlog' via direct request...
2025-06-23 22:01:45,713 - INFO -     -> Successfully transitioned Jira issue 'SFSEA-960' to 'Backlog' (Transition ID: 11).
2025-06-23 22:01:45,715 - INFO -   Attempting to transition Jira task 'SFSEA-961' to 'Backlog' via direct request...
2025-06-23 22:01:47,192 - INFO -     -> Successfully transitioned Jira issue 'SFSEA-961' to 'Backlog' (Transition ID: 11).
2025-06-23 22:01:47,209 - INFO -   Attempting to transition Jira task 'SFSEA-962' to 'Backlog' via direct request...
2025-06-23 22:01:48,689 - INFO -     -> Successfully transitioned Jira issue 'SFSEA-962' to 'Backlog' (Transition ID: 11).
2025-06-23 22:01:48,689 - INFO -   Attempting to transition Jira task 'SFSEA-963' to 'Backlog' via direct request...
2025-06-23 22:01:50,142 - INFO -     -> Successfully transitioned Jira issue 'SFSEA-963' to 'Backlog' (Transition ID: 11).
2025-06-23 22:01:50,144 - INFO -   Attempting to transition Jira task 'SFSEA-964' to 'Backlog' via direct request...
2025-06-23 22:01:51,623 - INFO -     -> Successfully transitioned Jira issue 'SFSEA-964' to 'Backlog' (Transition ID: 11).
2025-06-23 22:01:51,628 - INFO -   Attempting to transition Jira task 'SFSEA-965' to 'Backlog' via direct request...
2025-06-23 22:01:53,091 - INFO -     -> Successfully transitioned Jira issue 'SFSEA-965' to 'Backlog' (Transition ID: 11).
2025-06-23 22:01:53,092 - INFO -   Attempting to transition Jira task 'SFSEA-966' to 'Backlog' via direct request...
2025-06-23 22:01:54,556 - INFO -     -> Successfully transitioned Jira issue 'SFSEA-966' to 'Backlog' (Transition ID: 11).
2025-06-23 22:01:54,557 - INFO - 
--- Phase 2: Rolling back Confluence Pages to Previous Versions ---
2025-06-23 22:01:54,557 - WARNING - NOTE: This operation reverts the page to a previous version. Any legitimate changes made to the page by other users *after* the automation script ran will also be undone by this rollback.
2025-06-23 22:01:54,557 - INFO -   Attempting to roll back Confluence page '435271126' to version 3...
2025-06-23 22:01:56,302 - INFO -     -> Successfully rolled back Confluence page '435271126' to version 3.
2025-06-23 22:01:56,302 - INFO -   Attempting to roll back Confluence page '435271127' to version 3...
2025-06-23 22:01:57,654 - INFO -     -> Successfully rolled back Confluence page '435271127' to version 3.
2025-06-23 22:01:57,654 - INFO -   Attempting to roll back Confluence page '435271128' to version 3...
2025-06-23 22:01:58,995 - INFO -     -> Successfully rolled back Confluence page '435271128' to version 3.
2025-06-23 22:01:58,995 - INFO -   Attempting to roll back Confluence page '435271129' to version 3...
2025-06-23 22:02:00,386 - INFO -     -> Successfully rolled back Confluence page '435271129' to version 3.
2025-06-23 22:02:00,386 - INFO -   Attempting to roll back Confluence page '435271130' to version 3...
2025-06-23 22:02:01,739 - INFO -     -> Successfully rolled back Confluence page '435271130' to version 3.
2025-06-23 22:02:01,739 - INFO -   Attempting to roll back Confluence page '435271132' to version 3...
2025-06-23 22:02:03,076 - INFO -     -> Successfully rolled back Confluence page '435271132' to version 3.
2025-06-23 22:02:03,076 - INFO - 
--- Undo Automation Script Finished ---
2025-06-23 22:02:03,076 - INFO - Review the log file and Confluence/Jira to confirm changes.
