2025-06-20 19:26:03,242 - INFO - Undo Script Logging initialized. Output will be saved to 'logs_undo\undo_run_20250620_192603.log'
2025-06-20 19:26:03,242 - INFO - Initializing API clients for Confluence and Jira...
2025-06-20 19:26:03,242 - INFO - 
--- Starting Undo Automation Script ---
2025-06-20 19:26:03,247 - INFO - Searching for latest results file in 'output'...
2025-06-20 19:26:03,247 - INFO - Found latest results file: 'output\automation_results_20250620_192243.xlsx' (Timestamp: 2025-06-20 19:22:43)
2025-06-20 19:26:03,608 - INFO - 
--- Phase 1: Transitioning Jira Tasks to 'Backlog' ---
2025-06-20 19:26:03,631 - INFO -   Attempting to transition Jira task 'SFSEA-940' to 'Backlog' via direct request...
2025-06-20 19:26:05,827 - INFO -     -> Successfully transitioned Jira issue 'SFSEA-940' to 'Backlog' (Transition ID: 11).
2025-06-20 19:26:05,827 - INFO -   Attempting to transition Jira task 'SFSEA-941' to 'Backlog' via direct request...
2025-06-20 19:26:07,983 - INFO -     -> Successfully transitioned Jira issue 'SFSEA-941' to 'Backlog' (Transition ID: 11).
2025-06-20 19:26:07,983 - INFO -   Attempting to transition Jira task 'SFSEA-942' to 'Backlog' via direct request...
2025-06-20 19:26:10,234 - INFO -     -> Successfully transitioned Jira issue 'SFSEA-942' to 'Backlog' (Transition ID: 11).
2025-06-20 19:26:10,234 - INFO -   Attempting to transition Jira task 'SFSEA-943' to 'Backlog' via direct request...
2025-06-20 19:26:12,592 - INFO -     -> Successfully transitioned Jira issue 'SFSEA-943' to 'Backlog' (Transition ID: 11).
2025-06-20 19:26:12,600 - INFO -   Attempting to transition Jira task 'SFSEA-944' to 'Backlog' via direct request...
2025-06-20 19:26:14,950 - INFO -     -> Successfully transitioned Jira issue 'SFSEA-944' to 'Backlog' (Transition ID: 11).
2025-06-20 19:26:14,950 - INFO -   Attempting to transition Jira task 'SFSEA-945' to 'Backlog' via direct request...
2025-06-20 19:26:17,204 - INFO -     -> Successfully transitioned Jira issue 'SFSEA-945' to 'Backlog' (Transition ID: 11).
2025-06-20 19:26:17,208 - INFO -   Attempting to transition Jira task 'SFSEA-946' to 'Backlog' via direct request...
2025-06-20 19:26:19,449 - INFO -     -> Successfully transitioned Jira issue 'SFSEA-946' to 'Backlog' (Transition ID: 11).
2025-06-20 19:26:19,449 - INFO -   Attempting to transition Jira task 'SFSEA-947' to 'Backlog' via direct request...
2025-06-20 19:26:21,703 - INFO -     -> Successfully transitioned Jira issue 'SFSEA-947' to 'Backlog' (Transition ID: 11).
2025-06-20 19:26:21,703 - INFO - 
--- Phase 2: Rolling back Confluence Pages to Previous Versions ---
2025-06-20 19:26:21,703 - WARNING - NOTE: This operation reverts the page to a previous version. Any legitimate changes made to the page by other users *after* the automation script ran will also be undone by this rollback.
2025-06-20 19:26:21,703 - INFO -   Attempting to roll back Confluence page '402349112' to version 5...
2025-06-20 19:26:24,374 - INFO -     -> Successfully rolled back Confluence page '402349112' to version 5.
2025-06-20 19:26:24,375 - INFO -   Attempting to roll back Confluence page '409404463' to version 25...
2025-06-20 19:26:27,241 - INFO -     -> Successfully rolled back Confluence page '409404463' to version 25.
2025-06-20 19:26:27,241 - INFO -   Attempting to roll back Confluence page '409404482' to version 15...
2025-06-20 19:26:29,188 - INFO -     -> Successfully rolled back Confluence page '409404482' to version 15.
2025-06-20 19:26:29,190 - INFO - 
--- Undo Automation Script Finished ---
2025-06-20 19:26:29,191 - INFO - Review the log file and Confluence/Jira to confirm changes.
