2025-06-20 19:15:17,631 - INFO - Undo Script Logging initialized. Output will be saved to 'logs_undo\undo_run_20250620_191517.log'
2025-06-20 19:15:17,631 - INFO - Initializing API clients for Confluence and Jira...
2025-06-20 19:15:17,631 - INFO - 
--- Starting Undo Automation Script ---
2025-06-20 19:15:17,631 - INFO - Searching for latest results file in 'output'...
2025-06-20 19:15:17,631 - INFO - Found latest results file: 'output\automation_results_20250620_190621.xlsx' (Timestamp: 2025-06-20 19:06:21)
2025-06-20 19:15:18,147 - INFO - 
--- Phase 1: Transitioning Jira Tasks to 'Backlog' ---
2025-06-20 19:15:18,166 - INFO -   Attempting to transition Jira task 'SFSEA-921' to 'Backlog' via direct request...
2025-06-20 19:15:19,323 - ERROR -     -> ERROR: Unexpected error during direct transition for 'SFSEA-921'. Details: AttributeError("'Jira' object has no attribute 'get_all_transitions'")
2025-06-20 19:15:19,323 - INFO -   Attempting to transition Jira task 'SFSEA-922' to 'Backlog' via direct request...
2025-06-20 19:15:19,714 - INFO -     -> Jira task 'SFSEA-922' is already in 'Backlog'. Skipping transition.
2025-06-20 19:15:19,714 - INFO -   Attempting to transition Jira task 'SFSEA-923' to 'Backlog' via direct request...
2025-06-20 19:15:20,123 - INFO -     -> Jira task 'SFSEA-923' is already in 'Backlog'. Skipping transition.
2025-06-20 19:15:20,123 - INFO -   Attempting to transition Jira task 'SFSEA-924' to 'Backlog' via direct request...
2025-06-20 19:15:20,455 - INFO -     -> Jira task 'SFSEA-924' is already in 'Backlog'. Skipping transition.
2025-06-20 19:15:20,455 - INFO -   Attempting to transition Jira task 'SFSEA-925' to 'Backlog' via direct request...
2025-06-20 19:15:20,798 - INFO -     -> Jira task 'SFSEA-925' is already in 'Backlog'. Skipping transition.
2025-06-20 19:15:20,798 - INFO -   Attempting to transition Jira task 'SFSEA-926' to 'Backlog' via direct request...
2025-06-20 19:15:21,114 - INFO -     -> Jira task 'SFSEA-926' is already in 'Backlog'. Skipping transition.
2025-06-20 19:15:21,114 - INFO -   Attempting to transition Jira task 'SFSEA-927' to 'Backlog' via direct request...
2025-06-20 19:15:21,429 - INFO -     -> Jira task 'SFSEA-927' is already in 'Backlog'. Skipping transition.
2025-06-20 19:15:21,429 - INFO -   Attempting to transition Jira task 'SFSEA-928' to 'Backlog' via direct request...
2025-06-20 19:15:21,863 - INFO -     -> Jira task 'SFSEA-928' is already in 'Backlog'. Skipping transition.
2025-06-20 19:15:21,863 - INFO -   Attempting to transition Jira task 'SFSEA-929' to 'Backlog' via direct request...
2025-06-20 19:15:22,277 - INFO -     -> Jira task 'SFSEA-929' is already in 'Backlog'. Skipping transition.
2025-06-20 19:15:22,277 - INFO -   Attempting to transition Jira task 'SFSEA-930' to 'Backlog' via direct request...
2025-06-20 19:15:22,608 - INFO -     -> Jira task 'SFSEA-930' is already in 'Backlog'. Skipping transition.
2025-06-20 19:15:22,608 - INFO -   Attempting to transition Jira task 'SFSEA-931' to 'Backlog' via direct request...
2025-06-20 19:15:22,991 - INFO -     -> Jira task 'SFSEA-931' is already in 'Backlog'. Skipping transition.
2025-06-20 19:15:22,991 - INFO -   Attempting to transition Jira task 'SFSEA-932' to 'Backlog' via direct request...
2025-06-20 19:15:23,399 - INFO -     -> Jira task 'SFSEA-932' is already in 'Backlog'. Skipping transition.
2025-06-20 19:15:23,399 - INFO -   Attempting to transition Jira task 'SFSEA-933' to 'Backlog' via direct request...
2025-06-20 19:15:23,807 - INFO -     -> Jira task 'SFSEA-933' is already in 'Backlog'. Skipping transition.
2025-06-20 19:15:23,807 - INFO -   Attempting to transition Jira task 'SFSEA-934' to 'Backlog' via direct request...
2025-06-20 19:15:24,124 - INFO -     -> Jira task 'SFSEA-934' is already in 'Backlog'. Skipping transition.
2025-06-20 19:15:24,124 - INFO -   Attempting to transition Jira task 'SFSEA-935' to 'Backlog' via direct request...
2025-06-20 19:15:24,500 - INFO -     -> Jira task 'SFSEA-935' is already in 'Backlog'. Skipping transition.
2025-06-20 19:15:24,500 - INFO -   Attempting to transition Jira task 'SFSEA-936' to 'Backlog' via direct request...
2025-06-20 19:15:24,840 - INFO -     -> Jira task 'SFSEA-936' is already in 'Backlog'. Skipping transition.
2025-06-20 19:15:24,840 - INFO -   Attempting to transition Jira task 'SFSEA-937' to 'Backlog' via direct request...
2025-06-20 19:15:25,240 - INFO -     -> Jira task 'SFSEA-937' is already in 'Backlog'. Skipping transition.
2025-06-20 19:15:25,240 - INFO -   Attempting to transition Jira task 'SFSEA-938' to 'Backlog' via direct request...
2025-06-20 19:15:25,655 - INFO -     -> Jira task 'SFSEA-938' is already in 'Backlog'. Skipping transition.
2025-06-20 19:15:25,655 - INFO - 
--- Phase 2: Rolling back Confluence Pages to Previous Versions ---
2025-06-20 19:15:25,655 - WARNING - NOTE: This operation reverts the page to a previous version. Any legitimate changes made to the page by other users *after* the automation script ran will also be undone by this rollback.
2025-06-20 19:15:25,655 - INFO -   Attempting to roll back Confluence page '435271126' to version 1...
2025-06-20 19:15:28,518 - ERROR -     -> ERROR: Unexpected error rolling back Confluence page '435271126'. Details: TypeError("Confluence.update_page() got an unexpected keyword argument 'version_message'")
2025-06-20 19:15:28,518 - INFO -   Attempting to roll back Confluence page '435271127' to version 1...
2025-06-20 19:15:29,751 - ERROR -     -> ERROR: Unexpected error rolling back Confluence page '435271127'. Details: TypeError("Confluence.update_page() got an unexpected keyword argument 'version_message'")
2025-06-20 19:15:29,755 - INFO -   Attempting to roll back Confluence page '435271128' to version 1...
2025-06-20 19:15:31,797 - ERROR -     -> ERROR: Unexpected error rolling back Confluence page '435271128'. Details: TypeError("Confluence.update_page() got an unexpected keyword argument 'version_message'")
2025-06-20 19:15:31,797 - INFO -   Attempting to roll back Confluence page '435271129' to version 1...
2025-06-20 19:15:33,321 - ERROR -     -> ERROR: Unexpected error rolling back Confluence page '435271129'. Details: TypeError("Confluence.update_page() got an unexpected keyword argument 'version_message'")
2025-06-20 19:15:33,321 - INFO -   Attempting to roll back Confluence page '435271130' to version 1...
2025-06-20 19:15:34,872 - ERROR -     -> ERROR: Unexpected error rolling back Confluence page '435271130'. Details: TypeError("Confluence.update_page() got an unexpected keyword argument 'version_message'")
2025-06-20 19:15:34,873 - INFO -   Attempting to roll back Confluence page '435271132' to version 1...
2025-06-20 19:15:36,915 - ERROR -     -> ERROR: Unexpected error rolling back Confluence page '435271132'. Details: TypeError("Confluence.update_page() got an unexpected keyword argument 'version_message'")
2025-06-20 19:15:36,915 - INFO - 
--- Undo Automation Script Finished ---
2025-06-20 19:15:36,915 - INFO - Review the log file and Confluence/Jira to confirm changes.
