2025-06-24 19:46:09,725 - INFO - Logging to 'logs\automation_run_20250624_194609.log'
2025-06-24 19:46:09,725 - INFO - --- Starting Jira/Confluence Automation Script ---
2025-06-24 19:46:09,899 - INFO - 
Processing hierarchy starting from: https://pfteamspace.pepperl-fuchs.com/x/ftfxGQ
2025-06-24 19:46:09,899 - INFO -   Attempting to resolve short URL: https://pfteamspace.pepperl-fuchs.com/x/ftfxGQ
2025-06-24 19:46:11,452 - INFO -   Short URL resolved to: https://pfteamspace.pepperl-fuchs.com/spaces/EUDEMHTM0589/pages/435279742/Gen+20250624_194537+-+L1.1
2025-06-24 19:46:13,380 - INFO - rest/api/content/435279742/child/page
2025-06-24 19:46:13,648 - INFO - rest/api/content/435279743/child/page
2025-06-24 19:46:13,907 - INFO - rest/api/content/435279745/child/page
2025-06-24 19:46:14,169 - INFO -   Found 3 total page(s) to scan.
2025-06-24 19:46:17,287 - INFO - 
Discovered 9 incomplete tasks. Now processing...
2025-06-24 19:46:17,288 - INFO - 
Processing task: 'Std Incomplete' from page ID: 435279742
2025-06-24 19:46:18,380 - INFO - Creating issue "Std Incomplete"
2025-06-24 19:46:20,200 - INFO - Successfully transitioned 'SFSEA-988' to 'Backlog' via REST call (ID: 11).
2025-06-24 19:46:20,202 - INFO - 
Processing task: 'Std Incomplete Due Today' from page ID: 435279742
2025-06-24 19:46:21,302 - INFO - Creating issue "Std Incomplete Due Today"
2025-06-24 19:46:23,123 - INFO - Successfully transitioned 'SFSEA-989' to 'Backlog' via REST call (ID: 11).
2025-06-24 19:46:23,124 - INFO - 
Processing task: 'Task in Info Panel' from page ID: 435279742
2025-06-24 19:46:24,219 - INFO - Creating issue "Task in Info Panel"
2025-06-24 19:46:26,037 - INFO - Successfully transitioned 'SFSEA-990' to 'Backlog' via REST call (ID: 11).
2025-06-24 19:46:26,039 - INFO - 
Processing task: 'Std Incomplete' from page ID: 435279743
2025-06-24 19:46:27,150 - INFO - Creating issue "Std Incomplete"
2025-06-24 19:46:29,048 - INFO - Successfully transitioned 'SFSEA-991' to 'Backlog' via REST call (ID: 11).
2025-06-24 19:46:29,049 - INFO - 
Processing task: 'Std Incomplete Due Today' from page ID: 435279743
2025-06-24 19:46:30,249 - INFO - Creating issue "Std Incomplete Due Today"
2025-06-24 19:46:32,106 - INFO - Successfully transitioned 'SFSEA-992' to 'Backlog' via REST call (ID: 11).
2025-06-24 19:46:32,107 - INFO - 
Processing task: 'Task in Info Panel' from page ID: 435279743
2025-06-24 19:46:33,211 - INFO - Creating issue "Task in Info Panel"
2025-06-24 19:46:34,981 - INFO - Successfully transitioned 'SFSEA-993' to 'Backlog' via REST call (ID: 11).
2025-06-24 19:46:34,983 - INFO - 
Processing task: 'Task in Table Cell' from page ID: 435279745
2025-06-24 19:46:36,083 - INFO - Creating issue "Task in Table Cell"
2025-06-24 19:46:37,871 - INFO - Successfully transitioned 'SFSEA-994' to 'Backlog' via REST call (ID: 11).
2025-06-24 19:46:37,874 - INFO - 
Processing task: 'Task in Layout Column 1' from page ID: 435279745
2025-06-24 19:46:38,999 - INFO - Creating issue "Task in Layout Column 1"
2025-06-24 19:46:40,913 - INFO - Successfully transitioned 'SFSEA-995' to 'Backlog' via REST call (ID: 11).
2025-06-24 19:46:40,914 - INFO - 
Processing task: 'Task in Layout Column 2' from page ID: 435279745
2025-06-24 19:46:42,023 - INFO - Creating issue "Task in Layout Column 2"
2025-06-24 19:46:43,961 - INFO - Successfully transitioned 'SFSEA-996' to 'Backlog' via REST call (ID: 11).
2025-06-24 19:46:43,962 - INFO - 
All Jira tasks processed. Now updating Confluence pages...
2025-06-24 19:46:44,225 - INFO -   Replaced task ID task-48e5-2 with Jira macro for SFSEA-988 on page 435279742.
2025-06-24 19:46:44,226 - INFO -   Replaced task ID task-94a6-4 with Jira macro for SFSEA-989 on page 435279742.
2025-06-24 19:46:44,227 - INFO -   Replaced task ID task-3e1d-5 with Jira macro for SFSEA-990 on page 435279742.
2025-06-24 19:46:44,228 - INFO - Updating page "Gen 20250624_194537 - L1.1" with None
2025-06-24 19:46:44,750 - INFO - Content of 435279742 differs
2025-06-24 19:46:45,390 - INFO -   Successfully sent update for page 435279742.
2025-06-24 19:46:45,655 - INFO -   Replaced task ID task-7ccc-6 with Jira macro for SFSEA-991 on page 435279743.
2025-06-24 19:46:45,656 - INFO -   Replaced task ID task-bf96-8 with Jira macro for SFSEA-992 on page 435279743.
2025-06-24 19:46:45,656 - INFO -   Replaced task ID task-178d-9 with Jira macro for SFSEA-993 on page 435279743.
2025-06-24 19:46:45,657 - INFO - Updating page "Gen 20250624_194537 - L1.1-2.1" with None
2025-06-24 19:46:46,172 - INFO - Content of 435279743 differs
2025-06-24 19:46:46,791 - INFO -   Successfully sent update for page 435279743.
2025-06-24 19:46:47,054 - INFO -   Replaced task ID task-0bd1-10 with Jira macro for SFSEA-994 on page 435279745.
2025-06-24 19:46:47,055 - INFO -   Replaced task ID task-a703-11 with Jira macro for SFSEA-995 on page 435279745.
2025-06-24 19:46:47,056 - INFO -   Replaced task ID task-8709-12 with Jira macro for SFSEA-996 on page 435279745.
2025-06-24 19:46:47,057 - INFO - Updating page "Gen 20250624_194537 - L1.1-2.2" with None
2025-06-24 19:46:47,573 - INFO - Content of 435279745 differs
2025-06-24 19:46:48,198 - INFO -   Successfully sent update for page 435279745.
2025-06-24 19:46:48,219 - INFO - Results have been saved to 'output\automation_results_20250624_194609.xlsx'
2025-06-24 19:46:48,219 - INFO - 
--- Script Finished ---
