2025-06-20 18:43:20,295 - INFO - Logging initialized. Output will be saved to 'logs\automation_run_20250620_184320.log'
2025-06-20 18:43:20,299 - INFO - Initializing API clients for Server instances...
2025-06-20 18:43:20,299 - INFO - --- Starting Jira/Confluence Automation Script ---
2025-06-20 18:43:20,761 - INFO - 
Processing Main Page and its descendants starting from: https://pfteamspace.pepperl-fuchs.com/x/1rXxGQ
2025-06-20 18:43:20,766 - INFO -   Attempting to resolve short URL: https://pfteamspace.pepperl-fuchs.com/x/1rXxGQ
2025-06-20 18:43:22,600 - INFO -   Short URL resolved to: https://pfteamspace.pepperl-fuchs.com/spaces/EUDEMHTM0589/pages/435271126/Gen+20250620_180827+-+Main+Test+Page+Root
2025-06-20 18:43:22,600 - INFO -   Searching for Work Package on page ID: 435271126...
2025-06-20 18:43:24,572 - INFO -   SUCCESS: Found Work Package 'SFSEA-777' on page 435271126.
2025-06-20 18:43:24,572 - INFO -   Main Page Work Package assignee: tdnguyen (will be fallback)
2025-06-20 18:43:26,693 - INFO -   Found 7 total page(s) to scan for tasks.
2025-06-20 18:43:26,962 - INFO -   Scanning page 'Gen 20250620_180827 - Main Test Page Root' (ID: 435271126) for tasks...
2025-06-20 18:43:27,230 - INFO -     - Found INCOMPLETE Task | ID: task-2f4e9f72-0 | Due: 2025-06-25 | Assignee: tdnguyen | Summary: 'Main Page Task A (Incomplete)'
2025-06-20 18:43:27,234 - INFO -     - Task 'Main Page Task B (Complete)' (ID: task-e8d3452e-1) is COMPLETE. Skipping.
2025-06-20 18:43:27,513 - INFO -   Scanning page 'Gen 20250620_180827 - L1' (ID: 435271127) for tasks...
2025-06-20 18:43:27,826 - INFO -     - Found INCOMPLETE Task | ID: task-41c55feb-2 | Due: 2025-06-21 | Assignee: tdnguyen | Summary: 'Task 2 (Std Incomplete)'
2025-06-20 18:43:27,826 - INFO -     - Task 'Task 3 (Std Complete)' (ID: task-0f6fd974-3) is COMPLETE. Skipping.
2025-06-20 18:43:27,826 - INFO -     - Found INCOMPLETE Task | ID: task-7180df22-4 | Due: 2025-06-20 | Assignee: tdnguyen | Summary: 'Task 4 (Std Incomplete Due Today)'
2025-06-20 18:43:27,829 - INFO -     - Found INCOMPLETE Task | ID: task-25745b3d-5 | Due: 2025-06-27 | Assignee: tdnguyen | Summary: 'Task 5 (Info Panel)'
2025-06-20 18:43:28,134 - INFO -   Scanning page 'Gen 20250620_180827 - L1.1' (ID: 435271128) for tasks...
2025-06-20 18:43:28,442 - INFO -     - Found INCOMPLETE Task | ID: task-0e79fb1c-6 | Due: 2025-06-21 | Assignee: tdnguyen | Summary: 'Task 6 (Std Incomplete)'
2025-06-20 18:43:28,442 - INFO -     - Task 'Task 7 (Std Complete)' (ID: task-f90f421a-7) is COMPLETE. Skipping.
2025-06-20 18:43:28,442 - INFO -     - Found INCOMPLETE Task | ID: task-63afb879-8 | Due: 2025-06-20 | Assignee: tdnguyen | Summary: 'Task 8 (Std Incomplete Due Today)'
2025-06-20 18:43:28,442 - INFO -     - Found INCOMPLETE Task | ID: task-04b61c86-9 | Due: 2025-06-27 | Assignee: tdnguyen | Summary: 'Task 9 (Info Panel)'
2025-06-20 18:43:28,743 - INFO -   Scanning page 'Gen 20250620_180827 - L2' (ID: 435271129) for tasks...
2025-06-20 18:43:28,754 - INFO -     - Found INCOMPLETE Task | ID: task-8cfc79de-6 | Due: 2025-07-04 | Assignee: tdnguyen | Summary: 'Task 6 (Table Cell 1)'
2025-06-20 18:43:29,054 - INFO -     - Found INCOMPLETE Task | ID: task-b19a5937-7 | Due: 2025-07-04 | Assignee: tdnguyen | Summary: 'Task 7 (Table Cell 2, assigned)'
2025-06-20 18:43:29,054 - INFO -     - Found INCOMPLETE Task | ID: task-9d8d7920-8 | Due: 2025-07-04 | Assignee: tdnguyen | Summary: 'Task 8 (Layout Col 1)'
2025-06-20 18:43:29,054 - INFO -     - Found INCOMPLETE Task | ID: task-1b573845-9 | Due: 2025-06-22 | Assignee: tdnguyen | Summary: 'Task 9 (Layout Col 2)'
2025-06-20 18:43:29,054 - INFO -     - Found INCOMPLETE Task | ID: task-04dca7cd-10 | Due: 2025-07-04 | Assignee: tdnguyen | Summary: 'Task 10 (Note Panel)'
2025-06-20 18:43:29,359 - INFO -   Scanning page 'Gen 20250620_180827 - L2.1' (ID: 435271130) for tasks...
2025-06-20 18:43:29,668 - INFO -     - Found INCOMPLETE Task | ID: task-d61689b9-11 | Due: 2025-06-21 | Assignee: tdnguyen | Summary: 'Task 11 (Std Incomplete)'
2025-06-20 18:43:29,668 - INFO -     - Task 'Task 12 (Std Complete)' (ID: task-174f7775-12) is COMPLETE. Skipping.
2025-06-20 18:43:29,671 - INFO -     - Found INCOMPLETE Task | ID: task-8b176f0c-13 | Due: 2025-06-20 | Assignee: tdnguyen | Summary: 'Task 13 (Std Incomplete Due Today)'
2025-06-20 18:43:29,671 - INFO -     - Found INCOMPLETE Task | ID: task-ca7bd4ce-14 | Due: 2025-06-27 | Assignee: tdnguyen | Summary: 'Task 14 (Info Panel)'
2025-06-20 18:43:29,975 - INFO -   Scanning page 'Gen 20250620_180827 - L3' (ID: 435271131) for tasks...
2025-06-20 18:43:29,975 - INFO -   No valid tasks found on page 'Gen 20250620_180827 - L3' (ID: 435271131).
2025-06-20 18:43:30,283 - INFO -   Scanning page 'Gen 20250620_180827 - L3.1' (ID: 435271132) for tasks...
2025-06-20 18:43:30,585 - INFO -     - Found INCOMPLETE Task | ID: task-13706582-13 | Due: 2025-06-21 | Assignee: tdnguyen | Summary: 'Task 13 (Std Incomplete)'
2025-06-20 18:43:30,585 - INFO -     - Task 'Task 14 (Std Complete)' (ID: task-3887e7ad-14) is COMPLETE. Skipping.
2025-06-20 18:43:30,585 - INFO -     - Found INCOMPLETE Task | ID: task-81ef2f3f-15 | Due: 2025-06-20 | Assignee: tdnguyen | Summary: 'Task 15 (Std Incomplete Due Today)'
2025-06-20 18:43:30,585 - INFO -     - Found INCOMPLETE Task | ID: task-0f08a8e2-16 | Due: 2025-06-27 | Assignee: tdnguyen | Summary: 'Task 16 (Info Panel)'
2025-06-20 18:43:30,594 - INFO - 
Discovered 18 incomplete tasks across all scanned pages. Now processing each task...
2025-06-20 18:43:30,594 - INFO - 
Processing task: 'Main Page Task A (Incomplete)' from page ID: 435271126
2025-06-20 18:43:30,594 - INFO -   Searching for closest Work Package ancestor for page ID: 435271126
2025-06-20 18:43:30,900 - INFO -   Searching for Work Package on page ID: 435271126...
2025-06-20 18:43:31,512 - INFO -   SUCCESS: Found Work Package 'SFSEA-777' on page 435271126.
2025-06-20 18:43:31,512 - INFO -   -> Found Work Package 'SFSEA-777' on closest relevant page: 'Gen 20250620_180827 - Main Test Page Root' (ID: 435271126)
2025-06-20 18:43:31,512 - INFO -       -> Status is INCOMPLETE. Creating Jira task for 'Main Page Task A (Incomplete)'...
