2025-06-24 19:33:34,692 - INFO - Logging to 'logs\automation_run_20250624_193334.log'
2025-06-24 19:33:34,693 - INFO - --- Starting Jira/Confluence Automation Script ---
2025-06-24 19:33:34,876 - INFO - 
Processing hierarchy starting from: https://pfteamspace.pepperl-fuchs.com/x/1rXxGQ
2025-06-24 19:33:34,876 - INFO -   Attempting to resolve short URL: https://pfteamspace.pepperl-fuchs.com/x/1rXxGQ
2025-06-24 19:33:36,406 - INFO -   Short URL resolved to: https://pfteamspace.pepperl-fuchs.com/spaces/EUDEMHTM0589/pages/435271126/Gen+20250620_180827+-+Main+Test+Page+Root
2025-06-24 19:33:38,309 - INFO - rest/api/content/435271126/child/page
2025-06-24 19:33:38,578 - INFO - rest/api/content/435271127/child/page
2025-06-24 19:33:38,843 - INFO - rest/api/content/435271128/child/page
2025-06-24 19:33:39,103 - INFO - rest/api/content/435271129/child/page
2025-06-24 19:33:39,367 - INFO - rest/api/content/435271130/child/page
2025-06-24 19:33:39,627 - INFO - rest/api/content/435271131/child/page
2025-06-24 19:33:39,891 - INFO - rest/api/content/435271132/child/page
2025-06-24 19:33:40,151 - INFO -   Found 7 total page(s) to scan.
2025-06-24 19:33:43,535 - INFO - 
Discovered 18 incomplete tasks. Now processing...
2025-06-24 19:33:43,536 - INFO - 
Processing task: 'Main Page Task A (Incomplete)' from page ID: 435271126
2025-06-24 19:33:44,652 - INFO - Creating issue "Main Page Task A (Incomplete)"
2025-06-24 19:33:46,501 - INFO - Successfully transitioned 'SFSEA-970' to 'Backlog' via REST call (ID: 11).
2025-06-24 19:33:46,503 - INFO - 
Processing task: 'Task 2 (Std Incomplete)' from page ID: 435271127
2025-06-24 19:33:47,600 - INFO - Creating issue "Task 2 (Std Incomplete)"
2025-06-24 19:33:49,482 - INFO - Successfully transitioned 'SFSEA-971' to 'Backlog' via REST call (ID: 11).
2025-06-24 19:33:49,484 - INFO - 
Processing task: 'Task 4 (Std Incomplete Due Today)' from page ID: 435271127
2025-06-24 19:33:50,586 - INFO - Creating issue "Task 4 (Std Incomplete Due Today)"
2025-06-24 19:33:52,436 - INFO - Successfully transitioned 'SFSEA-972' to 'Backlog' via REST call (ID: 11).
2025-06-24 19:33:52,437 - INFO - 
Processing task: 'Task 5 (Info Panel)' from page ID: 435271127
2025-06-24 19:33:53,535 - INFO - Creating issue "Task 5 (Info Panel)"
2025-06-24 19:33:55,443 - INFO - Successfully transitioned 'SFSEA-973' to 'Backlog' via REST call (ID: 11).
2025-06-24 19:33:55,445 - INFO - 
Processing task: 'Task 6 (Std Incomplete)' from page ID: 435271128
2025-06-24 19:33:56,553 - INFO - Creating issue "Task 6 (Std Incomplete)"
2025-06-24 19:33:58,324 - INFO - Successfully transitioned 'SFSEA-974' to 'Backlog' via REST call (ID: 11).
2025-06-24 19:33:58,325 - INFO - 
Processing task: 'Task 8 (Std Incomplete Due Today)' from page ID: 435271128
2025-06-24 19:33:59,420 - INFO - Creating issue "Task 8 (Std Incomplete Due Today)"
2025-06-24 19:34:01,284 - INFO - Successfully transitioned 'SFSEA-975' to 'Backlog' via REST call (ID: 11).
2025-06-24 19:34:01,285 - INFO - 
Processing task: 'Task 9 (Info Panel)' from page ID: 435271128
2025-06-24 19:34:02,399 - INFO - Creating issue "Task 9 (Info Panel)"
2025-06-24 19:34:04,353 - INFO - Successfully transitioned 'SFSEA-976' to 'Backlog' via REST call (ID: 11).
2025-06-24 19:34:04,354 - INFO - 
Processing task: 'Task 6 (Table Cell 1)' from page ID: 435271129
2025-06-24 19:34:05,467 - INFO - Creating issue "Task 6 (Table Cell 1)"
2025-06-24 19:34:07,368 - INFO - Successfully transitioned 'SFSEA-977' to 'Backlog' via REST call (ID: 11).
2025-06-24 19:34:07,370 - INFO - 
Processing task: 'Task 7 (Table Cell 2, assigned)' from page ID: 435271129
2025-06-24 19:34:08,461 - INFO - Creating issue "Task 7 (Table Cell 2, assigned)"
2025-06-24 19:34:10,378 - INFO - Successfully transitioned 'SFSEA-978' to 'Backlog' via REST call (ID: 11).
2025-06-24 19:34:10,381 - INFO - 
Processing task: 'Task 8 (Layout Col 1)' from page ID: 435271129
2025-06-24 19:34:11,478 - INFO - Creating issue "Task 8 (Layout Col 1)"
2025-06-24 19:34:13,418 - INFO - Successfully transitioned 'SFSEA-979' to 'Backlog' via REST call (ID: 11).
2025-06-24 19:34:13,419 - INFO - 
Processing task: 'Task 9 (Layout Col 2)' from page ID: 435271129
2025-06-24 19:34:14,515 - INFO - Creating issue "Task 9 (Layout Col 2)"
2025-06-24 19:34:16,349 - INFO - Successfully transitioned 'SFSEA-980' to 'Backlog' via REST call (ID: 11).
2025-06-24 19:34:16,352 - INFO - 
Processing task: 'Task 10 (Note Panel)' from page ID: 435271129
2025-06-24 19:34:17,434 - INFO - Creating issue "Task 10 (Note Panel)"
2025-06-24 19:34:19,267 - INFO - Successfully transitioned 'SFSEA-981' to 'Backlog' via REST call (ID: 11).
2025-06-24 19:34:19,269 - INFO - 
Processing task: 'Task 11 (Std Incomplete)' from page ID: 435271130
2025-06-24 19:34:20,380 - INFO - Creating issue "Task 11 (Std Incomplete)"
2025-06-24 19:34:22,331 - INFO - Successfully transitioned 'SFSEA-982' to 'Backlog' via REST call (ID: 11).
2025-06-24 19:34:22,333 - INFO - 
Processing task: 'Task 13 (Std Incomplete Due Today)' from page ID: 435271130
2025-06-24 19:34:23,418 - INFO - Creating issue "Task 13 (Std Incomplete Due Today)"
2025-06-24 19:34:25,568 - INFO - Successfully transitioned 'SFSEA-983' to 'Backlog' via REST call (ID: 11).
2025-06-24 19:34:25,568 - INFO - 
Processing task: 'Task 14 (Info Panel)' from page ID: 435271130
2025-06-24 19:34:26,672 - INFO - Creating issue "Task 14 (Info Panel)"
2025-06-24 19:34:28,581 - INFO - Successfully transitioned 'SFSEA-984' to 'Backlog' via REST call (ID: 11).
2025-06-24 19:34:28,583 - INFO - 
Processing task: 'Task 13 (Std Incomplete)' from page ID: 435271132
2025-06-24 19:34:29,681 - INFO - Creating issue "Task 13 (Std Incomplete)"
2025-06-24 19:34:31,597 - INFO - Successfully transitioned 'SFSEA-985' to 'Backlog' via REST call (ID: 11).
2025-06-24 19:34:31,600 - INFO - 
Processing task: 'Task 15 (Std Incomplete Due Today)' from page ID: 435271132
2025-06-24 19:34:32,695 - INFO - Creating issue "Task 15 (Std Incomplete Due Today)"
2025-06-24 19:34:34,519 - INFO - Successfully transitioned 'SFSEA-986' to 'Backlog' via REST call (ID: 11).
2025-06-24 19:34:34,520 - INFO - 
Processing task: 'Task 16 (Info Panel)' from page ID: 435271132
2025-06-24 19:34:35,614 - INFO - Creating issue "Task 16 (Info Panel)"
2025-06-24 19:34:37,511 - INFO - Successfully transitioned 'SFSEA-987' to 'Backlog' via REST call (ID: 11).
2025-06-24 19:34:37,513 - INFO - 
All Jira tasks processed. Now updating Confluence pages...
2025-06-24 19:34:37,775 - INFO - Updating page "Gen 20250620_180827 - Main Test Page Root" with None
2025-06-24 19:34:38,292 - INFO - Content of 435271126 differs
2025-06-24 19:34:39,320 - INFO - Updating page "Gen 20250620_180827 - L1" with None
2025-06-24 19:34:39,841 - INFO - Content of 435271127 differs
2025-06-24 19:34:40,786 - INFO - Updating page "Gen 20250620_180827 - L1.1" with None
2025-06-24 19:34:41,307 - INFO - Content of 435271128 differs
2025-06-24 19:34:42,245 - INFO - Updating page "Gen 20250620_180827 - L2" with None
2025-06-24 19:34:42,771 - INFO - Content of 435271129 differs
2025-06-24 19:34:43,732 - INFO - Updating page "Gen 20250620_180827 - L2.1" with None
2025-06-24 19:34:44,264 - INFO - Content of 435271130 differs
2025-06-24 19:34:45,201 - INFO - Updating page "Gen 20250620_180827 - L3.1" with None
2025-06-24 19:34:45,727 - INFO - Content of 435271132 differs
2025-06-24 19:34:46,445 - INFO - Results have been saved to 'output\automation_results_20250624_193334.xlsx'
2025-06-24 19:34:46,445 - INFO - 
--- Script Finished ---
