2025-06-20 19:06:21,615 - INFO - Logging initialized. Output will be saved to 'logs\automation_run_20250620_190621.log'
2025-06-20 19:06:21,615 - INFO - Initializing API clients for Server instances...
2025-06-20 19:06:21,615 - INFO - --- Starting Jira/Confluence Automation Script ---
2025-06-20 19:06:22,082 - INFO - 
Processing Main Page and its descendants starting from: https://pfteamspace.pepperl-fuchs.com/x/1rXxGQ
2025-06-20 19:06:22,082 - INFO -   Attempting to resolve short URL: https://pfteamspace.pepperl-fuchs.com/x/1rXxGQ
2025-06-20 19:06:24,000 - INFO -   Short URL resolved to: https://pfteamspace.pepperl-fuchs.com/spaces/EUDEMHTM0589/pages/435271126/Gen+20250620_180827+-+Main+Test+Page+Root
2025-06-20 19:06:24,018 - INFO -   Searching for Work Package on page ID: 435271126...
2025-06-20 19:06:25,922 - INFO -   SUCCESS: Found Work Package 'SFSEA-777' on page 435271126.
2025-06-20 19:06:25,930 - INFO -   Main Page Work Package assignee: tdnguyen (will be fallback)
2025-06-20 19:06:28,084 - INFO -   Found 7 total page(s) to scan for tasks.
2025-06-20 19:06:28,386 - INFO -   Scanning page 'Gen 20250620_180827 - Main Test Page Root' (ID: 435271126) for tasks...
2025-06-20 19:06:28,690 - INFO -     - Found INCOMPLETE Task | ID: task-2f4e9f72-0 | Due: 2025-06-25 | Assignee: tdnguyen | Summary: 'Main Page Task A (Incomplete)'
2025-06-20 19:06:28,690 - INFO -     - Task 'Main Page Task B (Complete)' (ID: task-e8d3452e-1) is COMPLETE. Skipping.
2025-06-20 19:06:28,997 - INFO -   Scanning page 'Gen 20250620_180827 - L1' (ID: 435271127) for tasks...
2025-06-20 19:06:29,308 - INFO -     - Found INCOMPLETE Task | ID: task-41c55feb-2 | Due: 2025-06-21 | Assignee: tdnguyen | Summary: 'Task 2 (Std Incomplete)'
2025-06-20 19:06:29,308 - INFO -     - Task 'Task 3 (Std Complete)' (ID: task-0f6fd974-3) is COMPLETE. Skipping.
2025-06-20 19:06:29,308 - INFO -     - Found INCOMPLETE Task | ID: task-7180df22-4 | Due: 2025-06-20 | Assignee: tdnguyen | Summary: 'Task 4 (Std Incomplete Due Today)'
2025-06-20 19:06:29,311 - INFO -     - Found INCOMPLETE Task | ID: task-25745b3d-5 | Due: 2025-06-27 | Assignee: tdnguyen | Summary: 'Task 5 (Info Panel)'
2025-06-20 19:06:29,613 - INFO -   Scanning page 'Gen 20250620_180827 - L1.1' (ID: 435271128) for tasks...
2025-06-20 19:06:29,915 - INFO -     - Found INCOMPLETE Task | ID: task-0e79fb1c-6 | Due: 2025-06-21 | Assignee: tdnguyen | Summary: 'Task 6 (Std Incomplete)'
2025-06-20 19:06:29,923 - INFO -     - Task 'Task 7 (Std Complete)' (ID: task-f90f421a-7) is COMPLETE. Skipping.
2025-06-20 19:06:29,923 - INFO -     - Found INCOMPLETE Task | ID: task-63afb879-8 | Due: 2025-06-20 | Assignee: tdnguyen | Summary: 'Task 8 (Std Incomplete Due Today)'
2025-06-20 19:06:29,923 - INFO -     - Found INCOMPLETE Task | ID: task-04b61c86-9 | Due: 2025-06-27 | Assignee: tdnguyen | Summary: 'Task 9 (Info Panel)'
2025-06-20 19:06:30,215 - INFO -   Scanning page 'Gen 20250620_180827 - L2' (ID: 435271129) for tasks...
2025-06-20 19:06:30,226 - INFO -     - Found INCOMPLETE Task | ID: task-8cfc79de-6 | Due: 2025-07-04 | Assignee: tdnguyen | Summary: 'Task 6 (Table Cell 1)'
2025-06-20 19:06:30,535 - INFO -     - Found INCOMPLETE Task | ID: task-b19a5937-7 | Due: 2025-07-04 | Assignee: tdnguyen | Summary: 'Task 7 (Table Cell 2, assigned)'
2025-06-20 19:06:30,674 - INFO -     - Found INCOMPLETE Task | ID: task-9d8d7920-8 | Due: 2025-07-04 | Assignee: tdnguyen | Summary: 'Task 8 (Layout Col 1)'
2025-06-20 19:06:30,674 - INFO -     - Found INCOMPLETE Task | ID: task-1b573845-9 | Due: 2025-06-22 | Assignee: tdnguyen | Summary: 'Task 9 (Layout Col 2)'
2025-06-20 19:06:30,674 - INFO -     - Found INCOMPLETE Task | ID: task-04dca7cd-10 | Due: 2025-07-04 | Assignee: tdnguyen | Summary: 'Task 10 (Note Panel)'
2025-06-20 19:06:30,942 - INFO -   Scanning page 'Gen 20250620_180827 - L2.1' (ID: 435271130) for tasks...
2025-06-20 19:06:31,255 - INFO -     - Found INCOMPLETE Task | ID: task-d61689b9-11 | Due: 2025-06-21 | Assignee: tdnguyen | Summary: 'Task 11 (Std Incomplete)'
2025-06-20 19:06:31,257 - INFO -     - Task 'Task 12 (Std Complete)' (ID: task-174f7775-12) is COMPLETE. Skipping.
2025-06-20 19:06:31,257 - INFO -     - Found INCOMPLETE Task | ID: task-8b176f0c-13 | Due: 2025-06-20 | Assignee: tdnguyen | Summary: 'Task 13 (Std Incomplete Due Today)'
2025-06-20 19:06:31,257 - INFO -     - Found INCOMPLETE Task | ID: task-ca7bd4ce-14 | Due: 2025-06-27 | Assignee: tdnguyen | Summary: 'Task 14 (Info Panel)'
2025-06-20 19:06:31,556 - INFO -   Scanning page 'Gen 20250620_180827 - L3' (ID: 435271131) for tasks...
2025-06-20 19:06:31,562 - INFO -   No valid tasks found on page 'Gen 20250620_180827 - L3' (ID: 435271131).
2025-06-20 19:06:31,862 - INFO -   Scanning page 'Gen 20250620_180827 - L3.1' (ID: 435271132) for tasks...
2025-06-20 19:06:32,172 - INFO -     - Found INCOMPLETE Task | ID: task-13706582-13 | Due: 2025-06-21 | Assignee: tdnguyen | Summary: 'Task 13 (Std Incomplete)'
2025-06-20 19:06:32,190 - INFO -     - Task 'Task 14 (Std Complete)' (ID: task-3887e7ad-14) is COMPLETE. Skipping.
2025-06-20 19:06:32,237 - INFO -     - Found INCOMPLETE Task | ID: task-81ef2f3f-15 | Due: 2025-06-20 | Assignee: tdnguyen | Summary: 'Task 15 (Std Incomplete Due Today)'
2025-06-20 19:06:32,237 - INFO -     - Found INCOMPLETE Task | ID: task-0f08a8e2-16 | Due: 2025-06-27 | Assignee: tdnguyen | Summary: 'Task 16 (Info Panel)'
2025-06-20 19:06:32,237 - INFO - 
Discovered 18 incomplete tasks across all scanned pages. Now processing each task...
2025-06-20 19:06:32,237 - INFO - 
Processing task: 'Main Page Task A (Incomplete)' from page ID: 435271126
2025-06-20 19:06:32,237 - INFO -   Searching for closest Work Package ancestor for page ID: 435271126
2025-06-20 19:06:32,505 - INFO -   Searching for Work Package on page ID: 435271126...
2025-06-20 19:06:33,049 - INFO -   SUCCESS: Found Work Package 'SFSEA-777' on page 435271126.
2025-06-20 19:06:33,057 - INFO -   -> Found Work Package 'SFSEA-777' on closest relevant page: 'Gen 20250620_180827 - Main Test Page Root' (ID: 435271126)
2025-06-20 19:06:33,057 - INFO -       -> Status is INCOMPLETE. Creating Jira task for 'Main Page Task A (Incomplete)'...
2025-06-20 19:06:35,040 - INFO -     -> Successfully transitioned Jira issue SFSEA-921 to 'Backlog' (ID: 11).
2025-06-20 19:06:35,040 - INFO - 
Processing task: 'Task 2 (Std Incomplete)' from page ID: 435271127
2025-06-20 19:06:35,040 - INFO -   Searching for closest Work Package ancestor for page ID: 435271127
2025-06-20 19:06:35,306 - INFO -   Searching for Work Package on page ID: 435271127...
2025-06-20 19:06:35,862 - INFO -   SUCCESS: Found Work Package 'SFSEA-882' on page 435271127.
2025-06-20 19:06:35,863 - INFO -   -> Found Work Package 'SFSEA-882' on closest relevant page: 'Gen 20250620_180827 - L1' (ID: 435271127)
2025-06-20 19:06:35,864 - INFO -       -> Status is INCOMPLETE. Creating Jira task for 'Task 2 (Std Incomplete)'...
2025-06-20 19:06:37,908 - INFO -     -> Successfully transitioned Jira issue SFSEA-922 to 'Backlog' (ID: 11).
2025-06-20 19:06:37,908 - INFO - 
Processing task: 'Task 4 (Std Incomplete Due Today)' from page ID: 435271127
2025-06-20 19:06:37,916 - INFO -   Searching for closest Work Package ancestor for page ID: 435271127
2025-06-20 19:06:38,216 - INFO -   Searching for Work Package on page ID: 435271127...
2025-06-20 19:06:38,826 - INFO -   SUCCESS: Found Work Package 'SFSEA-882' on page 435271127.
2025-06-20 19:06:38,826 - INFO -   -> Found Work Package 'SFSEA-882' on closest relevant page: 'Gen 20250620_180827 - L1' (ID: 435271127)
2025-06-20 19:06:38,826 - INFO -       -> Status is INCOMPLETE. Creating Jira task for 'Task 4 (Std Incomplete Due Today)'...
2025-06-20 19:06:40,877 - INFO -     -> Successfully transitioned Jira issue SFSEA-923 to 'Backlog' (ID: 11).
2025-06-20 19:06:40,910 - INFO - 
Processing task: 'Task 5 (Info Panel)' from page ID: 435271127
2025-06-20 19:06:40,910 - INFO -   Searching for closest Work Package ancestor for page ID: 435271127
2025-06-20 19:06:41,181 - INFO -   Searching for Work Package on page ID: 435271127...
2025-06-20 19:06:41,793 - INFO -   SUCCESS: Found Work Package 'SFSEA-882' on page 435271127.
2025-06-20 19:06:41,793 - INFO -   -> Found Work Package 'SFSEA-882' on closest relevant page: 'Gen 20250620_180827 - L1' (ID: 435271127)
2025-06-20 19:06:41,801 - INFO -       -> Status is INCOMPLETE. Creating Jira task for 'Task 5 (Info Panel)'...
2025-06-20 19:06:43,741 - INFO -     -> Successfully transitioned Jira issue SFSEA-924 to 'Backlog' (ID: 11).
2025-06-20 19:06:43,741 - INFO - 
Processing task: 'Task 6 (Std Incomplete)' from page ID: 435271128
2025-06-20 19:06:43,748 - INFO -   Searching for closest Work Package ancestor for page ID: 435271128
2025-06-20 19:06:44,054 - INFO -   Searching for Work Package on page ID: 435271128...
2025-06-20 19:06:44,668 - INFO -   SUCCESS: Found Work Package 'SFSEA-883' on page 435271128.
2025-06-20 19:06:44,672 - INFO -   -> Found Work Package 'SFSEA-883' on closest relevant page: 'Gen 20250620_180827 - L1.1' (ID: 435271128)
2025-06-20 19:06:44,672 - INFO -       -> Status is INCOMPLETE. Creating Jira task for 'Task 6 (Std Incomplete)'...
2025-06-20 19:06:46,614 - INFO -     -> Successfully transitioned Jira issue SFSEA-925 to 'Backlog' (ID: 11).
2025-06-20 19:06:46,616 - INFO - 
Processing task: 'Task 8 (Std Incomplete Due Today)' from page ID: 435271128
2025-06-20 19:06:46,616 - INFO -   Searching for closest Work Package ancestor for page ID: 435271128
2025-06-20 19:06:46,924 - INFO -   Searching for Work Package on page ID: 435271128...
2025-06-20 19:06:47,511 - INFO -   SUCCESS: Found Work Package 'SFSEA-883' on page 435271128.
2025-06-20 19:06:47,511 - INFO -   -> Found Work Package 'SFSEA-883' on closest relevant page: 'Gen 20250620_180827 - L1.1' (ID: 435271128)
2025-06-20 19:06:47,511 - INFO -       -> Status is INCOMPLETE. Creating Jira task for 'Task 8 (Std Incomplete Due Today)'...
2025-06-20 19:06:49,556 - INFO -     -> Successfully transitioned Jira issue SFSEA-926 to 'Backlog' (ID: 11).
2025-06-20 19:06:49,556 - INFO - 
Processing task: 'Task 9 (Info Panel)' from page ID: 435271128
2025-06-20 19:06:49,564 - INFO -   Searching for closest Work Package ancestor for page ID: 435271128
2025-06-20 19:06:49,832 - INFO -   Searching for Work Package on page ID: 435271128...
2025-06-20 19:06:50,377 - INFO -   SUCCESS: Found Work Package 'SFSEA-883' on page 435271128.
2025-06-20 19:06:50,377 - INFO -   -> Found Work Package 'SFSEA-883' on closest relevant page: 'Gen 20250620_180827 - L1.1' (ID: 435271128)
2025-06-20 19:06:50,377 - INFO -       -> Status is INCOMPLETE. Creating Jira task for 'Task 9 (Info Panel)'...
2025-06-20 19:06:52,450 - INFO -     -> Successfully transitioned Jira issue SFSEA-927 to 'Backlog' (ID: 11).
2025-06-20 19:06:52,456 - INFO - 
Processing task: 'Task 6 (Table Cell 1)' from page ID: 435271129
2025-06-20 19:06:52,456 - INFO -   Searching for closest Work Package ancestor for page ID: 435271129
2025-06-20 19:06:52,757 - INFO -   Searching for Work Package on page ID: 435271129...
2025-06-20 19:06:53,372 - INFO -   SUCCESS: Found Work Package 'SFSEA-777' on page 435271129.
2025-06-20 19:06:53,372 - INFO -   -> Found Work Package 'SFSEA-777' on closest relevant page: 'Gen 20250620_180827 - L2' (ID: 435271129)
2025-06-20 19:06:53,372 - INFO -       -> Status is INCOMPLETE. Creating Jira task for 'Task 6 (Table Cell 1)'...
2025-06-20 19:06:55,415 - INFO -     -> Successfully transitioned Jira issue SFSEA-928 to 'Backlog' (ID: 11).
2025-06-20 19:06:55,423 - INFO - 
Processing task: 'Task 7 (Table Cell 2, assigned)' from page ID: 435271129
2025-06-20 19:06:55,424 - INFO -   Searching for closest Work Package ancestor for page ID: 435271129
2025-06-20 19:06:55,726 - INFO -   Searching for Work Package on page ID: 435271129...
2025-06-20 19:06:56,334 - INFO -   SUCCESS: Found Work Package 'SFSEA-777' on page 435271129.
2025-06-20 19:06:56,334 - INFO -   -> Found Work Package 'SFSEA-777' on closest relevant page: 'Gen 20250620_180827 - L2' (ID: 435271129)
2025-06-20 19:06:56,342 - INFO -       -> Status is INCOMPLETE. Creating Jira task for 'Task 7 (Table Cell 2, assigned)'...
2025-06-20 19:06:58,389 - INFO -     -> Successfully transitioned Jira issue SFSEA-929 to 'Backlog' (ID: 11).
2025-06-20 19:06:58,389 - INFO - 
Processing task: 'Task 8 (Layout Col 1)' from page ID: 435271129
2025-06-20 19:06:58,392 - INFO -   Searching for closest Work Package ancestor for page ID: 435271129
2025-06-20 19:06:58,697 - INFO -   Searching for Work Package on page ID: 435271129...
2025-06-20 19:06:59,304 - INFO -   SUCCESS: Found Work Package 'SFSEA-777' on page 435271129.
2025-06-20 19:06:59,304 - INFO -   -> Found Work Package 'SFSEA-777' on closest relevant page: 'Gen 20250620_180827 - L2' (ID: 435271129)
2025-06-20 19:06:59,314 - INFO -       -> Status is INCOMPLETE. Creating Jira task for 'Task 8 (Layout Col 1)'...
2025-06-20 19:07:01,354 - INFO -     -> Successfully transitioned Jira issue SFSEA-930 to 'Backlog' (ID: 11).
2025-06-20 19:07:01,361 - INFO - 
Processing task: 'Task 9 (Layout Col 2)' from page ID: 435271129
2025-06-20 19:07:01,361 - INFO -   Searching for closest Work Package ancestor for page ID: 435271129
2025-06-20 19:07:01,665 - INFO -   Searching for Work Package on page ID: 435271129...
2025-06-20 19:07:02,253 - INFO -   SUCCESS: Found Work Package 'SFSEA-777' on page 435271129.
2025-06-20 19:07:02,253 - INFO -   -> Found Work Package 'SFSEA-777' on closest relevant page: 'Gen 20250620_180827 - L2' (ID: 435271129)
2025-06-20 19:07:02,253 - INFO -       -> Status is INCOMPLETE. Creating Jira task for 'Task 9 (Layout Col 2)'...
2025-06-20 19:07:04,225 - INFO -     -> Successfully transitioned Jira issue SFSEA-931 to 'Backlog' (ID: 11).
2025-06-20 19:07:04,229 - INFO - 
Processing task: 'Task 10 (Note Panel)' from page ID: 435271129
2025-06-20 19:07:04,229 - INFO -   Searching for closest Work Package ancestor for page ID: 435271129
2025-06-20 19:07:04,532 - INFO -   Searching for Work Package on page ID: 435271129...
2025-06-20 19:07:05,133 - INFO -   SUCCESS: Found Work Package 'SFSEA-777' on page 435271129.
2025-06-20 19:07:05,133 - INFO -   -> Found Work Package 'SFSEA-777' on closest relevant page: 'Gen 20250620_180827 - L2' (ID: 435271129)
2025-06-20 19:07:05,135 - INFO -       -> Status is INCOMPLETE. Creating Jira task for 'Task 10 (Note Panel)'...
2025-06-20 19:07:07,195 - INFO -     -> Successfully transitioned Jira issue SFSEA-932 to 'Backlog' (ID: 11).
2025-06-20 19:07:07,198 - INFO - 
Processing task: 'Task 11 (Std Incomplete)' from page ID: 435271130
2025-06-20 19:07:07,198 - INFO -   Searching for closest Work Package ancestor for page ID: 435271130
2025-06-20 19:07:07,505 - INFO -   Searching for Work Package on page ID: 435271130...
2025-06-20 19:07:08,112 - INFO -   SUCCESS: Found Work Package 'SFSEA-882' on page 435271130.
2025-06-20 19:07:08,112 - INFO -   -> Found Work Package 'SFSEA-882' on closest relevant page: 'Gen 20250620_180827 - L2.1' (ID: 435271130)
2025-06-20 19:07:08,112 - INFO -       -> Status is INCOMPLETE. Creating Jira task for 'Task 11 (Std Incomplete)'...
2025-06-20 19:07:10,071 - INFO -     -> Successfully transitioned Jira issue SFSEA-933 to 'Backlog' (ID: 11).
2025-06-20 19:07:10,074 - INFO - 
Processing task: 'Task 13 (Std Incomplete Due Today)' from page ID: 435271130
2025-06-20 19:07:10,075 - INFO -   Searching for closest Work Package ancestor for page ID: 435271130
2025-06-20 19:07:10,369 - INFO -   Searching for Work Package on page ID: 435271130...
2025-06-20 19:07:10,983 - INFO -   SUCCESS: Found Work Package 'SFSEA-882' on page 435271130.
2025-06-20 19:07:10,983 - INFO -   -> Found Work Package 'SFSEA-882' on closest relevant page: 'Gen 20250620_180827 - L2.1' (ID: 435271130)
2025-06-20 19:07:10,983 - INFO -       -> Status is INCOMPLETE. Creating Jira task for 'Task 13 (Std Incomplete Due Today)'...
2025-06-20 19:07:13,033 - INFO -     -> Successfully transitioned Jira issue SFSEA-934 to 'Backlog' (ID: 11).
2025-06-20 19:07:13,033 - INFO - 
Processing task: 'Task 14 (Info Panel)' from page ID: 435271130
2025-06-20 19:07:13,033 - INFO -   Searching for closest Work Package ancestor for page ID: 435271130
2025-06-20 19:07:13,338 - INFO -   Searching for Work Package on page ID: 435271130...
2025-06-20 19:07:14,056 - INFO -   SUCCESS: Found Work Package 'SFSEA-882' on page 435271130.
2025-06-20 19:07:14,056 - INFO -   -> Found Work Package 'SFSEA-882' on closest relevant page: 'Gen 20250620_180827 - L2.1' (ID: 435271130)
2025-06-20 19:07:14,056 - INFO -       -> Status is INCOMPLETE. Creating Jira task for 'Task 14 (Info Panel)'...
2025-06-20 19:07:16,007 - INFO -     -> Successfully transitioned Jira issue SFSEA-935 to 'Backlog' (ID: 11).
2025-06-20 19:07:16,007 - INFO - 
Processing task: 'Task 13 (Std Incomplete)' from page ID: 435271132
2025-06-20 19:07:16,007 - INFO -   Searching for closest Work Package ancestor for page ID: 435271132
2025-06-20 19:07:16,270 - INFO -   Searching for Work Package on page ID: 435271132...
2025-06-20 19:07:16,840 - INFO -   SUCCESS: Found Work Package 'SFSEA-883' on page 435271132.
2025-06-20 19:07:16,843 - INFO -   -> Found Work Package 'SFSEA-883' on closest relevant page: 'Gen 20250620_180827 - L3.1' (ID: 435271132)
2025-06-20 19:07:16,844 - INFO -       -> Status is INCOMPLETE. Creating Jira task for 'Task 13 (Std Incomplete)'...
2025-06-20 19:07:18,967 - INFO -     -> Successfully transitioned Jira issue SFSEA-936 to 'Backlog' (ID: 11).
2025-06-20 19:07:18,967 - INFO - 
Processing task: 'Task 15 (Std Incomplete Due Today)' from page ID: 435271132
2025-06-20 19:07:18,976 - INFO -   Searching for closest Work Package ancestor for page ID: 435271132
2025-06-20 19:07:19,278 - INFO -   Searching for Work Package on page ID: 435271132...
2025-06-20 19:07:19,897 - INFO -   SUCCESS: Found Work Package 'SFSEA-883' on page 435271132.
2025-06-20 19:07:19,897 - INFO -   -> Found Work Package 'SFSEA-883' on closest relevant page: 'Gen 20250620_180827 - L3.1' (ID: 435271132)
2025-06-20 19:07:19,897 - INFO -       -> Status is INCOMPLETE. Creating Jira task for 'Task 15 (Std Incomplete Due Today)'...
2025-06-20 19:07:21,840 - INFO -     -> Successfully transitioned Jira issue SFSEA-937 to 'Backlog' (ID: 11).
2025-06-20 19:07:21,843 - INFO - 
Processing task: 'Task 16 (Info Panel)' from page ID: 435271132
2025-06-20 19:07:21,844 - INFO -   Searching for closest Work Package ancestor for page ID: 435271132
2025-06-20 19:07:22,155 - INFO -   Searching for Work Package on page ID: 435271132...
2025-06-20 19:07:22,765 - INFO -   SUCCESS: Found Work Package 'SFSEA-883' on page 435271132.
2025-06-20 19:07:22,765 - INFO -   -> Found Work Package 'SFSEA-883' on closest relevant page: 'Gen 20250620_180827 - L3.1' (ID: 435271132)
2025-06-20 19:07:22,765 - INFO -       -> Status is INCOMPLETE. Creating Jira task for 'Task 16 (Info Panel)'...
2025-06-20 19:07:24,705 - INFO -     -> Successfully transitioned Jira issue SFSEA-938 to 'Backlog' (ID: 11).
2025-06-20 19:07:24,705 - INFO - 
All Jira tasks processed. Now updating Confluence pages...
2025-06-20 19:07:24,705 - INFO -   Updating Confluence page 435271126 with 1 Jira link(s)...
2025-06-20 19:07:25,011 - INFO -     -> Found task ID task-2f4e9f72-0. Inserting Jira macro and removing Confluence task.
2025-06-20 19:07:26,305 - INFO -   SUCCESS: Confluence API confirmed page 435271126 was updated.
2025-06-20 19:07:26,382 - INFO -   Updating Confluence page 435271127 with 3 Jira link(s)...
2025-06-20 19:07:26,647 - INFO -     -> Found task ID task-41c55feb-2. Inserting Jira macro and removing Confluence task.
2025-06-20 19:07:26,656 - INFO -     -> Found task ID task-7180df22-4. Inserting Jira macro and removing Confluence task.
2025-06-20 19:07:26,659 - INFO -     -> Found task ID task-25745b3d-5. Inserting Jira macro and removing Confluence task.
2025-06-20 19:07:28,085 - INFO -   SUCCESS: Confluence API confirmed page 435271127 was updated.
2025-06-20 19:07:28,085 - INFO -   Updating Confluence page 435271128 with 3 Jira link(s)...
2025-06-20 19:07:28,389 - INFO -     -> Found task ID task-0e79fb1c-6. Inserting Jira macro and removing Confluence task.
2025-06-20 19:07:28,395 - INFO -     -> Found task ID task-63afb879-8. Inserting Jira macro and removing Confluence task.
2025-06-20 19:07:28,395 - INFO -     -> Found task ID task-04b61c86-9. Inserting Jira macro and removing Confluence task.
2025-06-20 19:07:29,589 - INFO -   SUCCESS: Confluence API confirmed page 435271128 was updated.
2025-06-20 19:07:29,589 - INFO -   Updating Confluence page 435271129 with 5 Jira link(s)...
2025-06-20 19:07:29,859 - INFO -     -> Found task ID task-8cfc79de-6. Inserting Jira macro and removing Confluence task.
2025-06-20 19:07:29,862 - INFO -     -> Found task ID task-b19a5937-7. Inserting Jira macro and removing Confluence task.
2025-06-20 19:07:29,862 - INFO -     -> Found task ID task-9d8d7920-8. Inserting Jira macro and removing Confluence task.
2025-06-20 19:07:29,862 - INFO -     -> Found task ID task-1b573845-9. Inserting Jira macro and removing Confluence task.
2025-06-20 19:07:29,868 - INFO -     -> Found task ID task-04dca7cd-10. Inserting Jira macro and removing Confluence task.
2025-06-20 19:07:31,028 - INFO -   SUCCESS: Confluence API confirmed page 435271129 was updated.
2025-06-20 19:07:31,028 - INFO -   Updating Confluence page 435271130 with 3 Jira link(s)...
2025-06-20 19:07:31,294 - INFO -     -> Found task ID task-d61689b9-11. Inserting Jira macro and removing Confluence task.
2025-06-20 19:07:31,295 - INFO -     -> Found task ID task-8b176f0c-13. Inserting Jira macro and removing Confluence task.
2025-06-20 19:07:31,297 - INFO -     -> Found task ID task-ca7bd4ce-14. Inserting Jira macro and removing Confluence task.
2025-06-20 19:07:32,436 - INFO -   SUCCESS: Confluence API confirmed page 435271130 was updated.
2025-06-20 19:07:32,437 - INFO -   Updating Confluence page 435271132 with 3 Jira link(s)...
2025-06-20 19:07:32,701 - INFO -     -> Found task ID task-13706582-13. Inserting Jira macro and removing Confluence task.
2025-06-20 19:07:32,702 - INFO -     -> Found task ID task-81ef2f3f-15. Inserting Jira macro and removing Confluence task.
2025-06-20 19:07:32,703 - INFO -     -> Found task ID task-0f08a8e2-16. Inserting Jira macro and removing Confluence task.
2025-06-20 19:07:33,841 - INFO -   SUCCESS: Confluence API confirmed page 435271132 was updated.
2025-06-20 19:07:33,904 - INFO - 
--- Script Finished ---
2025-06-20 19:07:33,905 - INFO - Results have been saved to 'output\automation_results_20250620_190621.xlsx'
