2025-06-20 18:25:39,848 - INFO - Logging initialized. Output will be saved to 'logs\automation_run_20250620_182539.log'
2025-06-20 18:25:39,848 - INFO - Initializing API clients for Server instances...
2025-06-20 18:25:39,861 - INFO - --- Starting Jira/Confluence Automation Script ---
2025-06-20 18:25:40,306 - INFO - 
Processing Main Page and its descendants starting from: https://pfteamspace.pepperl-fuchs.com/x/1rXxGQ
2025-06-20 18:25:40,306 - INFO -   Attempting to resolve short URL: https://pfteamspace.pepperl-fuchs.com/x/1rXxGQ
2025-06-20 18:25:42,298 - INFO -   Short URL resolved to: https://pfteamspace.pepperl-fuchs.com/spaces/EUDEMHTM0589/pages/435271126/Gen+20250620_180827+-+Main+Test+Page+Root
2025-06-20 18:25:42,311 - INFO -   Searching for Work Package on page ID: 435271126...
2025-06-20 18:25:44,131 - INFO -   SUCCESS: Found Work Package 'SFSEA-777' on page 435271126.
2025-06-20 18:25:44,131 - INFO -   Main Page Work Package assignee: tdnguyen (will be fallback)
2025-06-20 18:25:46,127 - INFO -   Found 7 total page(s) to scan for tasks.
2025-06-20 18:25:46,498 - ERROR -   ERROR: Unexpected error fetching page 435271126 details. Details: KeyError('version')
2025-06-20 18:25:46,802 - ERROR -   ERROR: Unexpected error fetching page 435271127 details. Details: KeyError('version')
2025-06-20 18:25:47,111 - ERROR -   ERROR: Unexpected error fetching page 435271128 details. Details: KeyError('version')
2025-06-20 18:25:47,378 - ERROR -   ERROR: Unexpected error fetching page 435271129 details. Details: KeyError('version')
2025-06-20 18:25:47,632 - ERROR -   ERROR: Unexpected error fetching page 435271130 details. Details: KeyError('version')
2025-06-20 18:25:47,928 - ERROR -   ERROR: Unexpected error fetching page 435271131 details. Details: KeyError('version')
2025-06-20 18:25:48,231 - ERROR -   ERROR: Unexpected error fetching page 435271132 details. Details: KeyError('version')
2025-06-20 18:25:48,325 - INFO - 
Discovered 0 incomplete tasks across all scanned pages. Now processing each task...
2025-06-20 18:25:48,325 - INFO - 
All Jira tasks processed. Now updating Confluence pages...
2025-06-20 18:25:48,325 - INFO - 
--- Script Finished ---
2025-06-20 18:25:48,325 - INFO - No tasks were found or processed.
