2025-06-20 18:36:01,021 - INFO - Logging initialized. Output will be saved to 'logs\automation_run_20250620_183601.log'
2025-06-20 18:36:01,021 - INFO - Initializing API clients for Server instances...
2025-06-20 18:36:01,021 - INFO - --- Starting Jira/Confluence Automation Script ---
2025-06-20 18:36:01,444 - INFO - 
Processing Main Page and its descendants starting from: https://pfteamspace.pepperl-fuchs.com/x/1rXxGQ
2025-06-20 18:36:01,523 - INFO -   Attempting to resolve short URL: https://pfteamspace.pepperl-fuchs.com/x/1rXxGQ
2025-06-20 18:36:03,163 - INFO -   Short URL resolved to: https://pfteamspace.pepperl-fuchs.com/spaces/EUDEMHTM0589/pages/435271126/Gen+20250620_180827+-+Main+Test+Page+Root
2025-06-20 18:36:03,178 - INFO -   Searching for Work Package on page ID: 435271126...
2025-06-20 18:36:05,204 - INFO -   SUCCESS: Found Work Package 'SFSEA-777' on page 435271126.
2025-06-20 18:36:05,251 - INFO -   Main Page Work Package assignee: tdnguyen (will be fallback)
2025-06-20 18:36:07,452 - INFO -   Found 7 total page(s) to scan for tasks.
2025-06-20 18:36:07,772 - ERROR -   ERROR: Unexpected error fetching page 435271126 details. Details: KeyError('version')
2025-06-20 18:36:08,074 - ERROR -   ERROR: Unexpected error fetching page 435271127 details. Details: KeyError('version')
2025-06-20 18:36:08,483 - ERROR -   ERROR: Unexpected error fetching page 435271128 details. Details: KeyError('version')
2025-06-20 18:36:08,790 - ERROR -   ERROR: Unexpected error fetching page 435271129 details. Details: KeyError('version')
2025-06-20 18:36:09,057 - ERROR -   ERROR: Unexpected error fetching page 435271130 details. Details: KeyError('version')
2025-06-20 18:36:09,407 - ERROR -   ERROR: Unexpected error fetching page 435271131 details. Details: KeyError('version')
2025-06-20 18:36:09,712 - ERROR -   ERROR: Unexpected error fetching page 435271132 details. Details: KeyError('version')
2025-06-20 18:36:09,712 - INFO - 
Discovered 0 incomplete tasks across all scanned pages. Now processing each task...
2025-06-20 18:36:09,723 - INFO - 
All Jira tasks processed. Now updating Confluence pages...
2025-06-20 18:36:09,723 - INFO - 
--- Script Finished ---
2025-06-20 18:36:09,724 - INFO - No tasks were found or processed.
